

Started GET "/assets/rails.png" for 127.0.0.1 at Sun Dec 18 22:18:07 -0800 2011
Served asset /rails.png - 200 OK (6ms)


Started GET "/assets/rails.png" for 127.0.0.1 at Sun Dec 18 22:27:43 -0800 2011
Served asset /rails.png - 304 Not Modified (3ms)


Started GET "/assets/rails.png" for 127.0.0.1 at Sun Dec 18 22:31:11 -0800 2011
Served asset /rails.png - 304 Not Modified (0ms)


Started GET "/home" for 127.0.0.1 at Sun Dec 18 22:31:47 -0800 2011

ActionController::RoutingError (No route matches [GET] "/home"):
  

Rendered /Library/Ruby/Gems/1.8/gems/actionpack-3.1.3/lib/action_dispatch/middleware/templates/rescues/routing_error.erb within rescues/layout (3.5ms)


Started GET "/home/index" for 127.0.0.1 at Sun Dec 18 22:31:53 -0800 2011
  Processing by HomeController#index as HTML
Rendered home/index.html.erb within layouts/application (0.3ms)
Compiled application.css  (13ms)  (pid 14243)
Compiled home.css  (38ms)  (pid 14243)
Compiled application.js  (42ms)  (pid 14243)
Compiled jquery.js  (22ms)  (pid 14243)
Compiled jquery_ujs.js  (2ms)  (pid 14243)
Compiled home.js  (247ms)  (pid 14243)
Completed 200 OK in 800ms (Views: 799.0ms | ActiveRecord: 0.0ms)


Started GET "/assets/application.css?body=1" for 127.0.0.1 at Sun Dec 18 22:31:54 -0800 2011
Served asset /application.css - 200 OK (0ms)


Started GET "/assets/home.css?body=1" for 127.0.0.1 at Sun Dec 18 22:31:54 -0800 2011
Served asset /home.css - 200 OK (12ms)


Started GET "/assets/jquery_ujs.js?body=1" for 127.0.0.1 at Sun Dec 18 22:31:54 -0800 2011
Served asset /jquery_ujs.js - 200 OK (5ms)


Started GET "/assets/home.js?body=1" for 127.0.0.1 at Sun Dec 18 22:31:54 -0800 2011
Served asset /home.js - 200 OK (3ms)


Started GET "/assets/jquery.js?body=1" for 127.0.0.1 at Sun Dec 18 22:31:54 -0800 2011
Served asset /jquery.js - 200 OK (7ms)


Started GET "/assets/application.js?body=1" for 127.0.0.1 at Sun Dec 18 22:31:54 -0800 2011
Served asset /application.js - 200 OK (1ms)


Started GET "/assets/rails.png" for 127.0.0.1 at Mon Dec 19 19:04:06 -0800 2011
Served asset /rails.png - 304 Not Modified (10ms)


Started GET "/assets/rails.png" for 127.0.0.1 at Mon Dec 19 19:15:32 -0800 2011
Served asset /rails.png - 304 Not Modified (3ms)


Started GET "/assets/rails.png" for 127.0.0.1 at Mon Dec 19 19:15:45 -0800 2011
Served asset /rails.png - 304 Not Modified (0ms)


Started GET "/assets/rails.png" for 127.0.0.1 at Mon Dec 19 19:22:30 -0800 2011
Served asset /rails.png - 304 Not Modified (12ms)


Started GET "/" for 127.0.0.1 at Mon Dec 19 19:23:24 -0800 2011
  Processing by HomeController#index as HTML
Rendered home/index.html.erb within layouts/application (5.3ms)
Completed 200 OK in 531ms (Views: 530.2ms | ActiveRecord: 0.0ms)


Started GET "/assets/application.css?body=1" for 127.0.0.1 at Mon Dec 19 19:23:25 -0800 2011
Served asset /application.css - 304 Not Modified (0ms)


Started GET "/assets/home.css?body=1" for 127.0.0.1 at Mon Dec 19 19:23:25 -0800 2011
Served asset /home.css - 304 Not Modified (36ms)


Started GET "/assets/jquery.js?body=1" for 127.0.0.1 at Mon Dec 19 19:23:26 -0800 2011
Served asset /jquery.js - 200 OK (7ms)


Started GET "/assets/home.js?body=1" for 127.0.0.1 at Mon Dec 19 19:23:26 -0800 2011
Served asset /home.js - 304 Not Modified (3ms)


Started GET "/assets/jquery_ujs.js?body=1" for 127.0.0.1 at Mon Dec 19 19:23:26 -0800 2011
Served asset /jquery_ujs.js - 304 Not Modified (4ms)


Started GET "/assets/application.js?body=1" for 127.0.0.1 at Mon Dec 19 19:23:26 -0800 2011
Served asset /application.js - 304 Not Modified (0ms)


Started GET "/" for 127.0.0.1 at Mon Dec 19 19:58:55 -0800 2011
  Processing by HomeController#index as HTML
Rendered home/index.html.erb within layouts/application (1.3ms)
Completed 200 OK in 123ms (Views: 120.6ms | ActiveRecord: 0.0ms)


Started GET "/assets/application.css?body=1" for 127.0.0.1 at Mon Dec 19 19:58:55 -0800 2011
Served asset /application.css - 304 Not Modified (0ms)


Started GET "/assets/home.js?body=1" for 127.0.0.1 at Mon Dec 19 19:58:55 -0800 2011
Served asset /home.js - 304 Not Modified (0ms)


Started GET "/assets/jquery_ujs.js?body=1" for 127.0.0.1 at Mon Dec 19 19:58:55 -0800 2011
Served asset /jquery_ujs.js - 304 Not Modified (1ms)


Started GET "/assets/application.js?body=1" for 127.0.0.1 at Mon Dec 19 19:58:55 -0800 2011
Served asset /application.js - 304 Not Modified (7ms)


Started GET "/assets/home.css?body=1" for 127.0.0.1 at Mon Dec 19 19:58:55 -0800 2011
Served asset /home.css - 304 Not Modified (0ms)
  [1m[36m (1.2ms)[0m  [1mselect sqlite_version(*)[0m
  [1m[35m (1.7ms)[0m  CREATE TABLE "schema_migrations" ("version" varchar(255) NOT NULL) 
  [1m[36m (0.0ms)[0m  [1mPRAGMA index_list("schema_migrations")[0m
  [1m[35m (1.6ms)[0m  CREATE UNIQUE INDEX "unique_schema_migrations" ON "schema_migrations" ("version")
  [1m[36m (0.1ms)[0m  [1mSELECT "schema_migrations"."version" FROM "schema_migrations" [0m
Migrating to CreatePages (20111220042907)
  [1m[35m (0.5ms)[0m  CREATE TABLE "pages" ("id" INTEGER PRIMARY KEY AUTOINCREMENT NOT NULL, "header" text, "content" text, "footer" text, "created_at" datetime, "updated_at" datetime) 
  [1m[36m (0.3ms)[0m  [1mINSERT INTO "schema_migrations" ("version") VALUES ('20111220042907')[0m
  [1m[35m (0.1ms)[0m  select sqlite_version(*)
  [1m[36m (0.1ms)[0m  [1mSELECT "schema_migrations"."version" FROM "schema_migrations" [0m
  [1m[35m (0.0ms)[0m  PRAGMA index_list("pages")


Started GET "/" for 127.0.0.1 at Mon Dec 19 20:55:34 -0800 2011
  Processing by HomeController#index as HTML
Rendered home/index.html.erb within layouts/application (0.5ms)
Compiled application.css  (12ms)  (pid 18061)
Compiled pages.css  (12ms)  (pid 18061)
Compiled scaffolds.css  (62ms)  (pid 18061)
Compiled application.js  (17ms)  (pid 18061)
Compiled pages.js  (709ms)  (pid 18061)
Completed 200 OK in 1095ms (Views: 1094.9ms | ActiveRecord: 0.0ms)


Started GET "/assets/application.css?body=1" for 127.0.0.1 at Mon Dec 19 20:55:37 -0800 2011
Served asset /application.css - 200 OK (0ms)


Started GET "/assets/home.css?body=1" for 127.0.0.1 at Mon Dec 19 20:55:37 -0800 2011
Served asset /home.css - 304 Not Modified (0ms)


Started GET "/assets/pages.css?body=1" for 127.0.0.1 at Mon Dec 19 20:55:37 -0800 2011
Served asset /pages.css - 200 OK (7ms)


Started GET "/assets/jquery.js?body=1" for 127.0.0.1 at Mon Dec 19 20:55:37 -0800 2011
Served asset /jquery.js - 304 Not Modified (0ms)


Started GET "/assets/scaffolds.css?body=1" for 127.0.0.1 at Mon Dec 19 20:55:37 -0800 2011
Served asset /scaffolds.css - 200 OK (5ms)


Started GET "/assets/jquery_ujs.js?body=1" for 127.0.0.1 at Mon Dec 19 20:55:37 -0800 2011
Served asset /jquery_ujs.js - 304 Not Modified (0ms)


Started GET "/assets/pages.js?body=1" for 127.0.0.1 at Mon Dec 19 20:55:37 -0800 2011
Served asset /pages.js - 200 OK (2ms)


Started GET "/assets/home.js?body=1" for 127.0.0.1 at Mon Dec 19 20:55:37 -0800 2011
Served asset /home.js - 304 Not Modified (0ms)


Started GET "/assets/application.js?body=1" for 127.0.0.1 at Mon Dec 19 20:55:37 -0800 2011
Served asset /application.js - 200 OK (0ms)


Started GET "/" for 127.0.0.1 at Mon Dec 19 21:02:49 -0800 2011
  Processing by HomeController#index as HTML
ERROR: compiling _app_views_home_index_html_erb___825768155_2284891100 RAISED compile error
/Users/cblair/src/portal/app/views/home/index.html.erb:3: syntax error, unexpected '<', expecting ')'
<h1>Welcome to Portal</h1>
 ^
/Users/cblair/src/portal/app/views/home/index.html.erb:3: syntax error, unexpected tIDENTIFIER, expecting kDO or '{' or '('
<h1>Welcome to Portal</h1>
              ^
/Users/cblair/src/portal/app/views/home/index.html.erb:4: unknown regexp option - p
/Users/cblair/src/portal/app/views/home/index.html.erb:6: unterminated string meets end of file
/Users/cblair/src/portal/app/views/home/index.html.erb:6: syntax error, unexpected $end, expecting ')'
Function body:           def _app_views_home_index_html_erb___825768155_2284891100(local_assigns, output_buffer)
            _old_virtual_path, @virtual_path = @virtual_path, "home/index";_old_output_buffer = @output_buffer;;@output_buffer = output_buffer || ActionView::OutputBuffer.new;@output_buffer.append= ( #@header );@output_buffer.safe_concat('
');@output_buffer.safe_concat('
<h1>Welcome to Portal</h1>
<p></p>

');@output_buffer.append= ( #@footer );@output_buffer.to_s
          ensure
            @virtual_path, @output_buffer = _old_virtual_path, _old_output_buffer
          end
Backtrace: /Users/cblair/src/portal/app/views/home/index.html.erb:6:in `compile'
/Library/Ruby/Gems/1.8/gems/actionpack-3.1.3/lib/action_view/template.rb:217:in `compile!'
/Library/Ruby/Gems/1.8/gems/actionpack-3.1.3/lib/action_view/template.rb:170:in `render'
/Library/Ruby/Gems/1.8/gems/activesupport-3.1.3/lib/active_support/notifications.rb:55:in `instrument'
/Library/Ruby/Gems/1.8/gems/actionpack-3.1.3/lib/action_view/template.rb:169:in `render'
/Library/Ruby/Gems/1.8/gems/actionpack-3.1.3/lib/action_view/renderer/template_renderer.rb:40:in `render_template'
/Library/Ruby/Gems/1.8/gems/actionpack-3.1.3/lib/action_view/renderer/abstract_renderer.rb:33:in `instrument'
/Library/Ruby/Gems/1.8/gems/activesupport-3.1.3/lib/active_support/notifications.rb:53:in `instrument'
/Library/Ruby/Gems/1.8/gems/activesupport-3.1.3/lib/active_support/notifications/instrumenter.rb:21:in `instrument'
/Library/Ruby/Gems/1.8/gems/activesupport-3.1.3/lib/active_support/notifications.rb:53:in `instrument'
/Library/Ruby/Gems/1.8/gems/actionpack-3.1.3/lib/action_view/renderer/abstract_renderer.rb:33:in `instrument'
/Library/Ruby/Gems/1.8/gems/actionpack-3.1.3/lib/action_view/renderer/template_renderer.rb:39:in `render_template'
/Library/Ruby/Gems/1.8/gems/actionpack-3.1.3/lib/action_view/renderer/template_renderer.rb:47:in `render_with_layout'
/Library/Ruby/Gems/1.8/gems/actionpack-3.1.3/lib/action_view/renderer/template_renderer.rb:38:in `render_template'
/Library/Ruby/Gems/1.8/gems/actionpack-3.1.3/lib/action_view/renderer/template_renderer.rb:12:in `render'
/Library/Ruby/Gems/1.8/gems/actionpack-3.1.3/lib/action_view/renderer/abstract_renderer.rb:22:in `wrap_formats'
/Library/Ruby/Gems/1.8/gems/actionpack-3.1.3/lib/action_view/renderer/template_renderer.rb:9:in `render'
/Library/Ruby/Gems/1.8/gems/actionpack-3.1.3/lib/action_view/renderer/renderer.rb:36:in `render_template'
/Library/Ruby/Gems/1.8/gems/actionpack-3.1.3/lib/action_view/renderer/renderer.rb:17:in `render'
/Library/Ruby/Gems/1.8/gems/actionpack-3.1.3/lib/abstract_controller/rendering.rb:120:in `_render_template'
/Library/Ruby/Gems/1.8/gems/actionpack-3.1.3/lib/action_controller/metal/streaming.rb:250:in `_render_template'
/Library/Ruby/Gems/1.8/gems/actionpack-3.1.3/lib/abstract_controller/rendering.rb:114:in `render_to_body'
/Library/Ruby/Gems/1.8/gems/actionpack-3.1.3/lib/action_controller/metal/renderers.rb:30:in `render_to_body'
/Library/Ruby/Gems/1.8/gems/actionpack-3.1.3/lib/action_controller/metal/compatibility.rb:43:in `render_to_body'
/Library/Ruby/Gems/1.8/gems/actionpack-3.1.3/lib/abstract_controller/rendering.rb:99:in `render'
/Library/Ruby/Gems/1.8/gems/actionpack-3.1.3/lib/action_controller/metal/rendering.rb:16:in `render'
/Library/Ruby/Gems/1.8/gems/actionpack-3.1.3/lib/action_controller/metal/instrumentation.rb:40:in `render'
/Library/Ruby/Gems/1.8/gems/activesupport-3.1.3/lib/active_support/core_ext/benchmark.rb:5:in `ms'
/System/Library/Frameworks/Ruby.framework/Versions/1.8/usr/lib/ruby/1.8/benchmark.rb:308:in `realtime'
/Library/Ruby/Gems/1.8/gems/activesupport-3.1.3/lib/active_support/core_ext/benchmark.rb:5:in `ms'
/Library/Ruby/Gems/1.8/gems/actionpack-3.1.3/lib/action_controller/metal/instrumentation.rb:40:in `render'
/Library/Ruby/Gems/1.8/gems/actionpack-3.1.3/lib/action_controller/metal/instrumentation.rb:78:in `cleanup_view_runtime'
/Library/Ruby/Gems/1.8/gems/activerecord-3.1.3/lib/active_record/railties/controller_runtime.rb:24:in `cleanup_view_runtime'
/Library/Ruby/Gems/1.8/gems/actionpack-3.1.3/lib/action_controller/metal/instrumentation.rb:39:in `render'
/Library/Ruby/Gems/1.8/gems/actionpack-3.1.3/lib/action_controller/metal/implicit_render.rb:10:in `default_render'
/Library/Ruby/Gems/1.8/gems/actionpack-3.1.3/lib/action_controller/metal/implicit_render.rb:5:in `send_action'
/Library/Ruby/Gems/1.8/gems/actionpack-3.1.3/lib/abstract_controller/base.rb:167:in `process_action'
/Library/Ruby/Gems/1.8/gems/actionpack-3.1.3/lib/action_controller/metal/rendering.rb:10:in `process_action'
/Library/Ruby/Gems/1.8/gems/actionpack-3.1.3/lib/abstract_controller/callbacks.rb:18:in `process_action'
/Library/Ruby/Gems/1.8/gems/activesupport-3.1.3/lib/active_support/callbacks.rb:425:in `_run__738958071__process_action__199225275__callbacks'
/Library/Ruby/Gems/1.8/gems/activesupport-3.1.3/lib/active_support/callbacks.rb:386:in `send'
/Library/Ruby/Gems/1.8/gems/activesupport-3.1.3/lib/active_support/callbacks.rb:386:in `_run_process_action_callbacks'
/Library/Ruby/Gems/1.8/gems/activesupport-3.1.3/lib/active_support/callbacks.rb:81:in `send'
/Library/Ruby/Gems/1.8/gems/activesupport-3.1.3/lib/active_support/callbacks.rb:81:in `run_callbacks'
/Library/Ruby/Gems/1.8/gems/actionpack-3.1.3/lib/abstract_controller/callbacks.rb:17:in `process_action'
/Library/Ruby/Gems/1.8/gems/actionpack-3.1.3/lib/action_controller/metal/rescue.rb:17:in `process_action'
/Library/Ruby/Gems/1.8/gems/actionpack-3.1.3/lib/action_controller/metal/instrumentation.rb:30:in `process_action'
/Library/Ruby/Gems/1.8/gems/activesupport-3.1.3/lib/active_support/notifications.rb:53:in `instrument'
/Library/Ruby/Gems/1.8/gems/activesupport-3.1.3/lib/active_support/notifications/instrumenter.rb:21:in `instrument'
/Library/Ruby/Gems/1.8/gems/activesupport-3.1.3/lib/active_support/notifications.rb:53:in `instrument'
/Library/Ruby/Gems/1.8/gems/actionpack-3.1.3/lib/action_controller/metal/instrumentation.rb:29:in `process_action'
/Library/Ruby/Gems/1.8/gems/actionpack-3.1.3/lib/action_controller/metal/params_wrapper.rb:201:in `process_action'
/Library/Ruby/Gems/1.8/gems/activerecord-3.1.3/lib/active_record/railties/controller_runtime.rb:18:in `process_action'
/Library/Ruby/Gems/1.8/gems/actionpack-3.1.3/lib/abstract_controller/base.rb:121:in `process'
/Library/Ruby/Gems/1.8/gems/actionpack-3.1.3/lib/abstract_controller/rendering.rb:45:in `process'
/Library/Ruby/Gems/1.8/gems/actionpack-3.1.3/lib/action_controller/metal.rb:193:in `dispatch'
/Library/Ruby/Gems/1.8/gems/actionpack-3.1.3/lib/action_controller/metal/rack_delegation.rb:14:in `dispatch'
/Library/Ruby/Gems/1.8/gems/actionpack-3.1.3/lib/action_controller/metal.rb:236:in `action'
/Library/Ruby/Gems/1.8/gems/actionpack-3.1.3/lib/action_dispatch/routing/route_set.rb:65:in `call'
/Library/Ruby/Gems/1.8/gems/actionpack-3.1.3/lib/action_dispatch/routing/route_set.rb:65:in `dispatch'
/Library/Ruby/Gems/1.8/gems/actionpack-3.1.3/lib/action_dispatch/routing/route_set.rb:29:in `call'
/Library/Ruby/Gems/1.8/gems/rack-mount-0.8.3/lib/rack/mount/route_set.rb:152:in `call'
/Library/Ruby/Gems/1.8/gems/rack-mount-0.8.3/lib/rack/mount/code_generation.rb:96:in `recognize'
/Library/Ruby/Gems/1.8/gems/rack-mount-0.8.3/lib/rack/mount/code_generation.rb:75:in `optimized_each'
/Library/Ruby/Gems/1.8/gems/rack-mount-0.8.3/lib/rack/mount/code_generation.rb:95:in `recognize'
/Library/Ruby/Gems/1.8/gems/rack-mount-0.8.3/lib/rack/mount/route_set.rb:141:in `call'
/Library/Ruby/Gems/1.8/gems/actionpack-3.1.3/lib/action_dispatch/routing/route_set.rb:532:in `call'
/Library/Ruby/Gems/1.8/gems/actionpack-3.1.3/lib/action_dispatch/middleware/best_standards_support.rb:17:in `call'
/Library/Ruby/Gems/1.8/gems/rack-1.3.5/lib/rack/etag.rb:23:in `call'
/Library/Ruby/Gems/1.8/gems/rack-1.3.5/lib/rack/conditionalget.rb:25:in `call'
/Library/Ruby/Gems/1.8/gems/actionpack-3.1.3/lib/action_dispatch/middleware/head.rb:14:in `call'
/Library/Ruby/Gems/1.8/gems/actionpack-3.1.3/lib/action_dispatch/middleware/params_parser.rb:21:in `call'
/Library/Ruby/Gems/1.8/gems/actionpack-3.1.3/lib/action_dispatch/middleware/flash.rb:247:in `call'
/Library/Ruby/Gems/1.8/gems/rack-1.3.5/lib/rack/session/abstract/id.rb:195:in `context'
/Library/Ruby/Gems/1.8/gems/rack-1.3.5/lib/rack/session/abstract/id.rb:190:in `call'
/Library/Ruby/Gems/1.8/gems/actionpack-3.1.3/lib/action_dispatch/middleware/cookies.rb:331:in `call'
/Library/Ruby/Gems/1.8/gems/activerecord-3.1.3/lib/active_record/query_cache.rb:64:in `call'
/Library/Ruby/Gems/1.8/gems/activerecord-3.1.3/lib/active_record/connection_adapters/abstract/connection_pool.rb:477:in `call'
/Library/Ruby/Gems/1.8/gems/actionpack-3.1.3/lib/action_dispatch/middleware/callbacks.rb:29:in `call'
/Library/Ruby/Gems/1.8/gems/activesupport-3.1.3/lib/active_support/callbacks.rb:392:in `_run_call_callbacks'
/Library/Ruby/Gems/1.8/gems/activesupport-3.1.3/lib/active_support/callbacks.rb:81:in `send'
/Library/Ruby/Gems/1.8/gems/activesupport-3.1.3/lib/active_support/callbacks.rb:81:in `run_callbacks'
/Library/Ruby/Gems/1.8/gems/actionpack-3.1.3/lib/action_dispatch/middleware/callbacks.rb:28:in `call'
/Library/Ruby/Gems/1.8/gems/actionpack-3.1.3/lib/action_dispatch/middleware/reloader.rb:68:in `call'
/Library/Ruby/Gems/1.8/gems/rack-1.3.5/lib/rack/sendfile.rb:101:in `call'
/Library/Ruby/Gems/1.8/gems/actionpack-3.1.3/lib/action_dispatch/middleware/remote_ip.rb:48:in `call'
/Library/Ruby/Gems/1.8/gems/actionpack-3.1.3/lib/action_dispatch/middleware/show_exceptions.rb:47:in `call'
/Library/Ruby/Gems/1.8/gems/railties-3.1.3/lib/rails/rack/logger.rb:13:in `call'
/Library/Ruby/Gems/1.8/gems/rack-1.3.5/lib/rack/methodoverride.rb:24:in `call'
/Library/Ruby/Gems/1.8/gems/rack-1.3.5/lib/rack/runtime.rb:17:in `call'
/Library/Ruby/Gems/1.8/gems/activesupport-3.1.3/lib/active_support/cache/strategy/local_cache.rb:72:in `call'
/Library/Ruby/Gems/1.8/gems/rack-1.3.5/lib/rack/lock.rb:15:in `call'
/Library/Ruby/Gems/1.8/gems/actionpack-3.1.3/lib/action_dispatch/middleware/static.rb:53:in `call'
/Library/Ruby/Gems/1.8/gems/railties-3.1.3/lib/rails/engine.rb:456:in `call'
/Library/Ruby/Gems/1.8/gems/rack-1.3.5/lib/rack/content_length.rb:14:in `call'
/Library/Ruby/Gems/1.8/gems/railties-3.1.3/lib/rails/rack/log_tailer.rb:14:in `call'
/Library/Ruby/Gems/1.8/gems/rack-1.3.5/lib/rack/handler/webrick.rb:59:in `service'
/System/Library/Frameworks/Ruby.framework/Versions/1.8/usr/lib/ruby/1.8/webrick/httpserver.rb:104:in `service'
/System/Library/Frameworks/Ruby.framework/Versions/1.8/usr/lib/ruby/1.8/webrick/httpserver.rb:65:in `run'
/System/Library/Frameworks/Ruby.framework/Versions/1.8/usr/lib/ruby/1.8/webrick/server.rb:173:in `start_thread'
/System/Library/Frameworks/Ruby.framework/Versions/1.8/usr/lib/ruby/1.8/webrick/server.rb:162:in `start'
/System/Library/Frameworks/Ruby.framework/Versions/1.8/usr/lib/ruby/1.8/webrick/server.rb:162:in `start_thread'
/System/Library/Frameworks/Ruby.framework/Versions/1.8/usr/lib/ruby/1.8/webrick/server.rb:95:in `start'
/System/Library/Frameworks/Ruby.framework/Versions/1.8/usr/lib/ruby/1.8/webrick/server.rb:92:in `each'
/System/Library/Frameworks/Ruby.framework/Versions/1.8/usr/lib/ruby/1.8/webrick/server.rb:92:in `start'
/System/Library/Frameworks/Ruby.framework/Versions/1.8/usr/lib/ruby/1.8/webrick/server.rb:23:in `start'
/System/Library/Frameworks/Ruby.framework/Versions/1.8/usr/lib/ruby/1.8/webrick/server.rb:82:in `start'
/Library/Ruby/Gems/1.8/gems/rack-1.3.5/lib/rack/handler/webrick.rb:13:in `run'
/Library/Ruby/Gems/1.8/gems/rack-1.3.5/lib/rack/server.rb:265:in `start'
/Library/Ruby/Gems/1.8/gems/railties-3.1.3/lib/rails/commands/server.rb:70:in `start'
/Library/Ruby/Gems/1.8/gems/railties-3.1.3/lib/rails/commands.rb:54
/Library/Ruby/Gems/1.8/gems/railties-3.1.3/lib/rails/commands.rb:49:in `tap'
/Library/Ruby/Gems/1.8/gems/railties-3.1.3/lib/rails/commands.rb:49
script/rails:6:in `require'
script/rails:6
Rendered home/index.html.erb within layouts/application (26.2ms)
Completed 500 Internal Server Error in 37ms

ActionView::Template::Error (compile error
/Users/cblair/src/portal/app/views/home/index.html.erb:3: syntax error, unexpected '<', expecting ')'
<h1>Welcome to Portal</h1>
 ^
/Users/cblair/src/portal/app/views/home/index.html.erb:3: syntax error, unexpected tIDENTIFIER, expecting kDO or '{' or '('
<h1>Welcome to Portal</h1>
              ^
/Users/cblair/src/portal/app/views/home/index.html.erb:4: unknown regexp option - p
/Users/cblair/src/portal/app/views/home/index.html.erb:6: unterminated string meets end of file
/Users/cblair/src/portal/app/views/home/index.html.erb:6: syntax error, unexpected $end, expecting ')'):
    1: <%= #@header %>
    2: 
    3: <h1>Welcome to Portal</h1>
    4: <p></p>
    5: 
    6: <%= #@footer %>
  app/views/home/index.html.erb:6:in `compile'

Rendered /Library/Ruby/Gems/1.8/gems/actionpack-3.1.3/lib/action_dispatch/middleware/templates/rescues/_trace.erb (2.3ms)
Rendered /Library/Ruby/Gems/1.8/gems/actionpack-3.1.3/lib/action_dispatch/middleware/templates/rescues/_request_and_response.erb (1.2ms)
Rendered /Library/Ruby/Gems/1.8/gems/actionpack-3.1.3/lib/action_dispatch/middleware/templates/rescues/template_error.erb within rescues/layout (8.2ms)


Started GET "/" for 127.0.0.1 at Mon Dec 19 21:03:26 -0800 2011
  Processing by HomeController#index as HTML
ERROR: compiling _app_views_home_index_html_erb___825768155_2283546580 RAISED compile error
/Users/cblair/src/portal/app/views/home/index.html.erb:7: syntax error, unexpected kENSURE
/Users/cblair/src/portal/app/views/home/index.html.erb:9: syntax error, unexpected kEND, expecting ')'
Function body:           def _app_views_home_index_html_erb___825768155_2283546580(local_assigns, output_buffer)
            _old_virtual_path, @virtual_path = @virtual_path, "home/index";_old_output_buffer = @output_buffer;;@output_buffer = output_buffer || ActionView::OutputBuffer.new;@output_buffer.safe_concat('<!--');@output_buffer.append= ( @header );@output_buffer.safe_concat('-->

<h1>Welcome to Portal</h1>
<p></p>

<!--');@output_buffer.append= ( #@footer );@output_buffer.safe_concat('-->');@output_buffer.to_s
          ensure
            @virtual_path, @output_buffer = _old_virtual_path, _old_output_buffer
          end
Backtrace: /Users/cblair/src/portal/app/views/home/index.html.erb:9:in `compile'
/Library/Ruby/Gems/1.8/gems/actionpack-3.1.3/lib/action_view/template.rb:217:in `compile!'
/Library/Ruby/Gems/1.8/gems/actionpack-3.1.3/lib/action_view/template.rb:170:in `render'
/Library/Ruby/Gems/1.8/gems/activesupport-3.1.3/lib/active_support/notifications.rb:55:in `instrument'
/Library/Ruby/Gems/1.8/gems/actionpack-3.1.3/lib/action_view/template.rb:169:in `render'
/Library/Ruby/Gems/1.8/gems/actionpack-3.1.3/lib/action_view/renderer/template_renderer.rb:40:in `render_template'
/Library/Ruby/Gems/1.8/gems/actionpack-3.1.3/lib/action_view/renderer/abstract_renderer.rb:33:in `instrument'
/Library/Ruby/Gems/1.8/gems/activesupport-3.1.3/lib/active_support/notifications.rb:53:in `instrument'
/Library/Ruby/Gems/1.8/gems/activesupport-3.1.3/lib/active_support/notifications/instrumenter.rb:21:in `instrument'
/Library/Ruby/Gems/1.8/gems/activesupport-3.1.3/lib/active_support/notifications.rb:53:in `instrument'
/Library/Ruby/Gems/1.8/gems/actionpack-3.1.3/lib/action_view/renderer/abstract_renderer.rb:33:in `instrument'
/Library/Ruby/Gems/1.8/gems/actionpack-3.1.3/lib/action_view/renderer/template_renderer.rb:39:in `render_template'
/Library/Ruby/Gems/1.8/gems/actionpack-3.1.3/lib/action_view/renderer/template_renderer.rb:47:in `render_with_layout'
/Library/Ruby/Gems/1.8/gems/actionpack-3.1.3/lib/action_view/renderer/template_renderer.rb:38:in `render_template'
/Library/Ruby/Gems/1.8/gems/actionpack-3.1.3/lib/action_view/renderer/template_renderer.rb:12:in `render'
/Library/Ruby/Gems/1.8/gems/actionpack-3.1.3/lib/action_view/renderer/abstract_renderer.rb:22:in `wrap_formats'
/Library/Ruby/Gems/1.8/gems/actionpack-3.1.3/lib/action_view/renderer/template_renderer.rb:9:in `render'
/Library/Ruby/Gems/1.8/gems/actionpack-3.1.3/lib/action_view/renderer/renderer.rb:36:in `render_template'
/Library/Ruby/Gems/1.8/gems/actionpack-3.1.3/lib/action_view/renderer/renderer.rb:17:in `render'
/Library/Ruby/Gems/1.8/gems/actionpack-3.1.3/lib/abstract_controller/rendering.rb:120:in `_render_template'
/Library/Ruby/Gems/1.8/gems/actionpack-3.1.3/lib/action_controller/metal/streaming.rb:250:in `_render_template'
/Library/Ruby/Gems/1.8/gems/actionpack-3.1.3/lib/abstract_controller/rendering.rb:114:in `render_to_body'
/Library/Ruby/Gems/1.8/gems/actionpack-3.1.3/lib/action_controller/metal/renderers.rb:30:in `render_to_body'
/Library/Ruby/Gems/1.8/gems/actionpack-3.1.3/lib/action_controller/metal/compatibility.rb:43:in `render_to_body'
/Library/Ruby/Gems/1.8/gems/actionpack-3.1.3/lib/abstract_controller/rendering.rb:99:in `render'
/Library/Ruby/Gems/1.8/gems/actionpack-3.1.3/lib/action_controller/metal/rendering.rb:16:in `render'
/Library/Ruby/Gems/1.8/gems/actionpack-3.1.3/lib/action_controller/metal/instrumentation.rb:40:in `render'
/Library/Ruby/Gems/1.8/gems/activesupport-3.1.3/lib/active_support/core_ext/benchmark.rb:5:in `ms'
/System/Library/Frameworks/Ruby.framework/Versions/1.8/usr/lib/ruby/1.8/benchmark.rb:308:in `realtime'
/Library/Ruby/Gems/1.8/gems/activesupport-3.1.3/lib/active_support/core_ext/benchmark.rb:5:in `ms'
/Library/Ruby/Gems/1.8/gems/actionpack-3.1.3/lib/action_controller/metal/instrumentation.rb:40:in `render'
/Library/Ruby/Gems/1.8/gems/actionpack-3.1.3/lib/action_controller/metal/instrumentation.rb:78:in `cleanup_view_runtime'
/Library/Ruby/Gems/1.8/gems/activerecord-3.1.3/lib/active_record/railties/controller_runtime.rb:24:in `cleanup_view_runtime'
/Library/Ruby/Gems/1.8/gems/actionpack-3.1.3/lib/action_controller/metal/instrumentation.rb:39:in `render'
/Library/Ruby/Gems/1.8/gems/actionpack-3.1.3/lib/action_controller/metal/implicit_render.rb:10:in `default_render'
/Library/Ruby/Gems/1.8/gems/actionpack-3.1.3/lib/action_controller/metal/implicit_render.rb:5:in `send_action'
/Library/Ruby/Gems/1.8/gems/actionpack-3.1.3/lib/abstract_controller/base.rb:167:in `process_action'
/Library/Ruby/Gems/1.8/gems/actionpack-3.1.3/lib/action_controller/metal/rendering.rb:10:in `process_action'
/Library/Ruby/Gems/1.8/gems/actionpack-3.1.3/lib/abstract_controller/callbacks.rb:18:in `process_action'
/Library/Ruby/Gems/1.8/gems/activesupport-3.1.3/lib/active_support/callbacks.rb:425:in `_run__738958071__process_action__199225275__callbacks'
/Library/Ruby/Gems/1.8/gems/activesupport-3.1.3/lib/active_support/callbacks.rb:386:in `send'
/Library/Ruby/Gems/1.8/gems/activesupport-3.1.3/lib/active_support/callbacks.rb:386:in `_run_process_action_callbacks'
/Library/Ruby/Gems/1.8/gems/activesupport-3.1.3/lib/active_support/callbacks.rb:81:in `send'
/Library/Ruby/Gems/1.8/gems/activesupport-3.1.3/lib/active_support/callbacks.rb:81:in `run_callbacks'
/Library/Ruby/Gems/1.8/gems/actionpack-3.1.3/lib/abstract_controller/callbacks.rb:17:in `process_action'
/Library/Ruby/Gems/1.8/gems/actionpack-3.1.3/lib/action_controller/metal/rescue.rb:17:in `process_action'
/Library/Ruby/Gems/1.8/gems/actionpack-3.1.3/lib/action_controller/metal/instrumentation.rb:30:in `process_action'
/Library/Ruby/Gems/1.8/gems/activesupport-3.1.3/lib/active_support/notifications.rb:53:in `instrument'
/Library/Ruby/Gems/1.8/gems/activesupport-3.1.3/lib/active_support/notifications/instrumenter.rb:21:in `instrument'
/Library/Ruby/Gems/1.8/gems/activesupport-3.1.3/lib/active_support/notifications.rb:53:in `instrument'
/Library/Ruby/Gems/1.8/gems/actionpack-3.1.3/lib/action_controller/metal/instrumentation.rb:29:in `process_action'
/Library/Ruby/Gems/1.8/gems/actionpack-3.1.3/lib/action_controller/metal/params_wrapper.rb:201:in `process_action'
/Library/Ruby/Gems/1.8/gems/activerecord-3.1.3/lib/active_record/railties/controller_runtime.rb:18:in `process_action'
/Library/Ruby/Gems/1.8/gems/actionpack-3.1.3/lib/abstract_controller/base.rb:121:in `process'
/Library/Ruby/Gems/1.8/gems/actionpack-3.1.3/lib/abstract_controller/rendering.rb:45:in `process'
/Library/Ruby/Gems/1.8/gems/actionpack-3.1.3/lib/action_controller/metal.rb:193:in `dispatch'
/Library/Ruby/Gems/1.8/gems/actionpack-3.1.3/lib/action_controller/metal/rack_delegation.rb:14:in `dispatch'
/Library/Ruby/Gems/1.8/gems/actionpack-3.1.3/lib/action_controller/metal.rb:236:in `action'
/Library/Ruby/Gems/1.8/gems/actionpack-3.1.3/lib/action_dispatch/routing/route_set.rb:65:in `call'
/Library/Ruby/Gems/1.8/gems/actionpack-3.1.3/lib/action_dispatch/routing/route_set.rb:65:in `dispatch'
/Library/Ruby/Gems/1.8/gems/actionpack-3.1.3/lib/action_dispatch/routing/route_set.rb:29:in `call'
/Library/Ruby/Gems/1.8/gems/rack-mount-0.8.3/lib/rack/mount/route_set.rb:152:in `call'
/Library/Ruby/Gems/1.8/gems/rack-mount-0.8.3/lib/rack/mount/code_generation.rb:96:in `recognize'
/Library/Ruby/Gems/1.8/gems/rack-mount-0.8.3/lib/rack/mount/code_generation.rb:75:in `optimized_each'
/Library/Ruby/Gems/1.8/gems/rack-mount-0.8.3/lib/rack/mount/code_generation.rb:95:in `recognize'
/Library/Ruby/Gems/1.8/gems/rack-mount-0.8.3/lib/rack/mount/route_set.rb:141:in `call'
/Library/Ruby/Gems/1.8/gems/actionpack-3.1.3/lib/action_dispatch/routing/route_set.rb:532:in `call'
/Library/Ruby/Gems/1.8/gems/actionpack-3.1.3/lib/action_dispatch/middleware/best_standards_support.rb:17:in `call'
/Library/Ruby/Gems/1.8/gems/rack-1.3.5/lib/rack/etag.rb:23:in `call'
/Library/Ruby/Gems/1.8/gems/rack-1.3.5/lib/rack/conditionalget.rb:25:in `call'
/Library/Ruby/Gems/1.8/gems/actionpack-3.1.3/lib/action_dispatch/middleware/head.rb:14:in `call'
/Library/Ruby/Gems/1.8/gems/actionpack-3.1.3/lib/action_dispatch/middleware/params_parser.rb:21:in `call'
/Library/Ruby/Gems/1.8/gems/actionpack-3.1.3/lib/action_dispatch/middleware/flash.rb:247:in `call'
/Library/Ruby/Gems/1.8/gems/rack-1.3.5/lib/rack/session/abstract/id.rb:195:in `context'
/Library/Ruby/Gems/1.8/gems/rack-1.3.5/lib/rack/session/abstract/id.rb:190:in `call'
/Library/Ruby/Gems/1.8/gems/actionpack-3.1.3/lib/action_dispatch/middleware/cookies.rb:331:in `call'
/Library/Ruby/Gems/1.8/gems/activerecord-3.1.3/lib/active_record/query_cache.rb:64:in `call'
/Library/Ruby/Gems/1.8/gems/activerecord-3.1.3/lib/active_record/connection_adapters/abstract/connection_pool.rb:477:in `call'
/Library/Ruby/Gems/1.8/gems/actionpack-3.1.3/lib/action_dispatch/middleware/callbacks.rb:29:in `call'
/Library/Ruby/Gems/1.8/gems/activesupport-3.1.3/lib/active_support/callbacks.rb:392:in `_run_call_callbacks'
/Library/Ruby/Gems/1.8/gems/activesupport-3.1.3/lib/active_support/callbacks.rb:81:in `send'
/Library/Ruby/Gems/1.8/gems/activesupport-3.1.3/lib/active_support/callbacks.rb:81:in `run_callbacks'
/Library/Ruby/Gems/1.8/gems/actionpack-3.1.3/lib/action_dispatch/middleware/callbacks.rb:28:in `call'
/Library/Ruby/Gems/1.8/gems/actionpack-3.1.3/lib/action_dispatch/middleware/reloader.rb:68:in `call'
/Library/Ruby/Gems/1.8/gems/rack-1.3.5/lib/rack/sendfile.rb:101:in `call'
/Library/Ruby/Gems/1.8/gems/actionpack-3.1.3/lib/action_dispatch/middleware/remote_ip.rb:48:in `call'
/Library/Ruby/Gems/1.8/gems/actionpack-3.1.3/lib/action_dispatch/middleware/show_exceptions.rb:47:in `call'
/Library/Ruby/Gems/1.8/gems/railties-3.1.3/lib/rails/rack/logger.rb:13:in `call'
/Library/Ruby/Gems/1.8/gems/rack-1.3.5/lib/rack/methodoverride.rb:24:in `call'
/Library/Ruby/Gems/1.8/gems/rack-1.3.5/lib/rack/runtime.rb:17:in `call'
/Library/Ruby/Gems/1.8/gems/activesupport-3.1.3/lib/active_support/cache/strategy/local_cache.rb:72:in `call'
/Library/Ruby/Gems/1.8/gems/rack-1.3.5/lib/rack/lock.rb:15:in `call'
/Library/Ruby/Gems/1.8/gems/actionpack-3.1.3/lib/action_dispatch/middleware/static.rb:53:in `call'
/Library/Ruby/Gems/1.8/gems/railties-3.1.3/lib/rails/engine.rb:456:in `call'
/Library/Ruby/Gems/1.8/gems/rack-1.3.5/lib/rack/content_length.rb:14:in `call'
/Library/Ruby/Gems/1.8/gems/railties-3.1.3/lib/rails/rack/log_tailer.rb:14:in `call'
/Library/Ruby/Gems/1.8/gems/rack-1.3.5/lib/rack/handler/webrick.rb:59:in `service'
/System/Library/Frameworks/Ruby.framework/Versions/1.8/usr/lib/ruby/1.8/webrick/httpserver.rb:104:in `service'
/System/Library/Frameworks/Ruby.framework/Versions/1.8/usr/lib/ruby/1.8/webrick/httpserver.rb:65:in `run'
/System/Library/Frameworks/Ruby.framework/Versions/1.8/usr/lib/ruby/1.8/webrick/server.rb:173:in `start_thread'
/System/Library/Frameworks/Ruby.framework/Versions/1.8/usr/lib/ruby/1.8/webrick/server.rb:162:in `start'
/System/Library/Frameworks/Ruby.framework/Versions/1.8/usr/lib/ruby/1.8/webrick/server.rb:162:in `start_thread'
/System/Library/Frameworks/Ruby.framework/Versions/1.8/usr/lib/ruby/1.8/webrick/server.rb:95:in `start'
/System/Library/Frameworks/Ruby.framework/Versions/1.8/usr/lib/ruby/1.8/webrick/server.rb:92:in `each'
/System/Library/Frameworks/Ruby.framework/Versions/1.8/usr/lib/ruby/1.8/webrick/server.rb:92:in `start'
/System/Library/Frameworks/Ruby.framework/Versions/1.8/usr/lib/ruby/1.8/webrick/server.rb:23:in `start'
/System/Library/Frameworks/Ruby.framework/Versions/1.8/usr/lib/ruby/1.8/webrick/server.rb:82:in `start'
/Library/Ruby/Gems/1.8/gems/rack-1.3.5/lib/rack/handler/webrick.rb:13:in `run'
/Library/Ruby/Gems/1.8/gems/rack-1.3.5/lib/rack/server.rb:265:in `start'
/Library/Ruby/Gems/1.8/gems/railties-3.1.3/lib/rails/commands/server.rb:70:in `start'
/Library/Ruby/Gems/1.8/gems/railties-3.1.3/lib/rails/commands.rb:54
/Library/Ruby/Gems/1.8/gems/railties-3.1.3/lib/rails/commands.rb:49:in `tap'
/Library/Ruby/Gems/1.8/gems/railties-3.1.3/lib/rails/commands.rb:49
script/rails:6:in `require'
script/rails:6
Rendered home/index.html.erb within layouts/application (1.7ms)
Completed 500 Internal Server Error in 10ms

ActionView::Template::Error (compile error
/Users/cblair/src/portal/app/views/home/index.html.erb:7: syntax error, unexpected kENSURE
/Users/cblair/src/portal/app/views/home/index.html.erb:9: syntax error, unexpected kEND, expecting ')'):
    4: <p></p>
    5: 
    6: <!--<%= #@footer %>-->
  app/views/home/index.html.erb:9:in `compile'

Rendered /Library/Ruby/Gems/1.8/gems/actionpack-3.1.3/lib/action_dispatch/middleware/templates/rescues/_trace.erb (2.3ms)
Rendered /Library/Ruby/Gems/1.8/gems/actionpack-3.1.3/lib/action_dispatch/middleware/templates/rescues/_request_and_response.erb (1.3ms)
Rendered /Library/Ruby/Gems/1.8/gems/actionpack-3.1.3/lib/action_dispatch/middleware/templates/rescues/template_error.erb within rescues/layout (8.2ms)


Started GET "/" for 127.0.0.1 at Mon Dec 19 21:03:30 -0800 2011
  Processing by HomeController#index as HTML
ERROR: compiling _app_views_home_index_html_erb___825768155_2283546580 RAISED compile error
/Users/cblair/src/portal/app/views/home/index.html.erb:7: syntax error, unexpected kENSURE
/Users/cblair/src/portal/app/views/home/index.html.erb:9: syntax error, unexpected kEND, expecting ')'
Function body:           def _app_views_home_index_html_erb___825768155_2283546580(local_assigns, output_buffer)
            _old_virtual_path, @virtual_path = @virtual_path, "home/index";_old_output_buffer = @output_buffer;;@output_buffer = output_buffer || ActionView::OutputBuffer.new;@output_buffer.safe_concat('<!--');@output_buffer.append= ( @header );@output_buffer.safe_concat('-->

<h1>Welcome to Portal</h1>
<p></p>

<!--');@output_buffer.append= ( #@footer );@output_buffer.safe_concat('-->');@output_buffer.to_s
          ensure
            @virtual_path, @output_buffer = _old_virtual_path, _old_output_buffer
          end
Backtrace: /Users/cblair/src/portal/app/views/home/index.html.erb:9:in `compile'
/Library/Ruby/Gems/1.8/gems/actionpack-3.1.3/lib/action_view/template.rb:217:in `compile!'
/Library/Ruby/Gems/1.8/gems/actionpack-3.1.3/lib/action_view/template.rb:170:in `render'
/Library/Ruby/Gems/1.8/gems/activesupport-3.1.3/lib/active_support/notifications.rb:55:in `instrument'
/Library/Ruby/Gems/1.8/gems/actionpack-3.1.3/lib/action_view/template.rb:169:in `render'
/Library/Ruby/Gems/1.8/gems/actionpack-3.1.3/lib/action_view/renderer/template_renderer.rb:40:in `render_template'
/Library/Ruby/Gems/1.8/gems/actionpack-3.1.3/lib/action_view/renderer/abstract_renderer.rb:33:in `instrument'
/Library/Ruby/Gems/1.8/gems/activesupport-3.1.3/lib/active_support/notifications.rb:53:in `instrument'
/Library/Ruby/Gems/1.8/gems/activesupport-3.1.3/lib/active_support/notifications/instrumenter.rb:21:in `instrument'
/Library/Ruby/Gems/1.8/gems/activesupport-3.1.3/lib/active_support/notifications.rb:53:in `instrument'
/Library/Ruby/Gems/1.8/gems/actionpack-3.1.3/lib/action_view/renderer/abstract_renderer.rb:33:in `instrument'
/Library/Ruby/Gems/1.8/gems/actionpack-3.1.3/lib/action_view/renderer/template_renderer.rb:39:in `render_template'
/Library/Ruby/Gems/1.8/gems/actionpack-3.1.3/lib/action_view/renderer/template_renderer.rb:47:in `render_with_layout'
/Library/Ruby/Gems/1.8/gems/actionpack-3.1.3/lib/action_view/renderer/template_renderer.rb:38:in `render_template'
/Library/Ruby/Gems/1.8/gems/actionpack-3.1.3/lib/action_view/renderer/template_renderer.rb:12:in `render'
/Library/Ruby/Gems/1.8/gems/actionpack-3.1.3/lib/action_view/renderer/abstract_renderer.rb:22:in `wrap_formats'
/Library/Ruby/Gems/1.8/gems/actionpack-3.1.3/lib/action_view/renderer/template_renderer.rb:9:in `render'
/Library/Ruby/Gems/1.8/gems/actionpack-3.1.3/lib/action_view/renderer/renderer.rb:36:in `render_template'
/Library/Ruby/Gems/1.8/gems/actionpack-3.1.3/lib/action_view/renderer/renderer.rb:17:in `render'
/Library/Ruby/Gems/1.8/gems/actionpack-3.1.3/lib/abstract_controller/rendering.rb:120:in `_render_template'
/Library/Ruby/Gems/1.8/gems/actionpack-3.1.3/lib/action_controller/metal/streaming.rb:250:in `_render_template'
/Library/Ruby/Gems/1.8/gems/actionpack-3.1.3/lib/abstract_controller/rendering.rb:114:in `render_to_body'
/Library/Ruby/Gems/1.8/gems/actionpack-3.1.3/lib/action_controller/metal/renderers.rb:30:in `render_to_body'
/Library/Ruby/Gems/1.8/gems/actionpack-3.1.3/lib/action_controller/metal/compatibility.rb:43:in `render_to_body'
/Library/Ruby/Gems/1.8/gems/actionpack-3.1.3/lib/abstract_controller/rendering.rb:99:in `render'
/Library/Ruby/Gems/1.8/gems/actionpack-3.1.3/lib/action_controller/metal/rendering.rb:16:in `render'
/Library/Ruby/Gems/1.8/gems/actionpack-3.1.3/lib/action_controller/metal/instrumentation.rb:40:in `render'
/Library/Ruby/Gems/1.8/gems/activesupport-3.1.3/lib/active_support/core_ext/benchmark.rb:5:in `ms'
/System/Library/Frameworks/Ruby.framework/Versions/1.8/usr/lib/ruby/1.8/benchmark.rb:308:in `realtime'
/Library/Ruby/Gems/1.8/gems/activesupport-3.1.3/lib/active_support/core_ext/benchmark.rb:5:in `ms'
/Library/Ruby/Gems/1.8/gems/actionpack-3.1.3/lib/action_controller/metal/instrumentation.rb:40:in `render'
/Library/Ruby/Gems/1.8/gems/actionpack-3.1.3/lib/action_controller/metal/instrumentation.rb:78:in `cleanup_view_runtime'
/Library/Ruby/Gems/1.8/gems/activerecord-3.1.3/lib/active_record/railties/controller_runtime.rb:24:in `cleanup_view_runtime'
/Library/Ruby/Gems/1.8/gems/actionpack-3.1.3/lib/action_controller/metal/instrumentation.rb:39:in `render'
/Library/Ruby/Gems/1.8/gems/actionpack-3.1.3/lib/action_controller/metal/implicit_render.rb:10:in `default_render'
/Library/Ruby/Gems/1.8/gems/actionpack-3.1.3/lib/action_controller/metal/implicit_render.rb:5:in `send_action'
/Library/Ruby/Gems/1.8/gems/actionpack-3.1.3/lib/abstract_controller/base.rb:167:in `process_action'
/Library/Ruby/Gems/1.8/gems/actionpack-3.1.3/lib/action_controller/metal/rendering.rb:10:in `process_action'
/Library/Ruby/Gems/1.8/gems/actionpack-3.1.3/lib/abstract_controller/callbacks.rb:18:in `process_action'
/Library/Ruby/Gems/1.8/gems/activesupport-3.1.3/lib/active_support/callbacks.rb:425:in `_run__738958071__process_action__199225275__callbacks'
/Library/Ruby/Gems/1.8/gems/activesupport-3.1.3/lib/active_support/callbacks.rb:386:in `send'
/Library/Ruby/Gems/1.8/gems/activesupport-3.1.3/lib/active_support/callbacks.rb:386:in `_run_process_action_callbacks'
/Library/Ruby/Gems/1.8/gems/activesupport-3.1.3/lib/active_support/callbacks.rb:81:in `send'
/Library/Ruby/Gems/1.8/gems/activesupport-3.1.3/lib/active_support/callbacks.rb:81:in `run_callbacks'
/Library/Ruby/Gems/1.8/gems/actionpack-3.1.3/lib/abstract_controller/callbacks.rb:17:in `process_action'
/Library/Ruby/Gems/1.8/gems/actionpack-3.1.3/lib/action_controller/metal/rescue.rb:17:in `process_action'
/Library/Ruby/Gems/1.8/gems/actionpack-3.1.3/lib/action_controller/metal/instrumentation.rb:30:in `process_action'
/Library/Ruby/Gems/1.8/gems/activesupport-3.1.3/lib/active_support/notifications.rb:53:in `instrument'
/Library/Ruby/Gems/1.8/gems/activesupport-3.1.3/lib/active_support/notifications/instrumenter.rb:21:in `instrument'
/Library/Ruby/Gems/1.8/gems/activesupport-3.1.3/lib/active_support/notifications.rb:53:in `instrument'
/Library/Ruby/Gems/1.8/gems/actionpack-3.1.3/lib/action_controller/metal/instrumentation.rb:29:in `process_action'
/Library/Ruby/Gems/1.8/gems/actionpack-3.1.3/lib/action_controller/metal/params_wrapper.rb:201:in `process_action'
/Library/Ruby/Gems/1.8/gems/activerecord-3.1.3/lib/active_record/railties/controller_runtime.rb:18:in `process_action'
/Library/Ruby/Gems/1.8/gems/actionpack-3.1.3/lib/abstract_controller/base.rb:121:in `process'
/Library/Ruby/Gems/1.8/gems/actionpack-3.1.3/lib/abstract_controller/rendering.rb:45:in `process'
/Library/Ruby/Gems/1.8/gems/actionpack-3.1.3/lib/action_controller/metal.rb:193:in `dispatch'
/Library/Ruby/Gems/1.8/gems/actionpack-3.1.3/lib/action_controller/metal/rack_delegation.rb:14:in `dispatch'
/Library/Ruby/Gems/1.8/gems/actionpack-3.1.3/lib/action_controller/metal.rb:236:in `action'
/Library/Ruby/Gems/1.8/gems/actionpack-3.1.3/lib/action_dispatch/routing/route_set.rb:65:in `call'
/Library/Ruby/Gems/1.8/gems/actionpack-3.1.3/lib/action_dispatch/routing/route_set.rb:65:in `dispatch'
/Library/Ruby/Gems/1.8/gems/actionpack-3.1.3/lib/action_dispatch/routing/route_set.rb:29:in `call'
/Library/Ruby/Gems/1.8/gems/rack-mount-0.8.3/lib/rack/mount/route_set.rb:152:in `call'
/Library/Ruby/Gems/1.8/gems/rack-mount-0.8.3/lib/rack/mount/code_generation.rb:96:in `recognize'
/Library/Ruby/Gems/1.8/gems/rack-mount-0.8.3/lib/rack/mount/code_generation.rb:75:in `optimized_each'
/Library/Ruby/Gems/1.8/gems/rack-mount-0.8.3/lib/rack/mount/code_generation.rb:95:in `recognize'
/Library/Ruby/Gems/1.8/gems/rack-mount-0.8.3/lib/rack/mount/route_set.rb:141:in `call'
/Library/Ruby/Gems/1.8/gems/actionpack-3.1.3/lib/action_dispatch/routing/route_set.rb:532:in `call'
/Library/Ruby/Gems/1.8/gems/actionpack-3.1.3/lib/action_dispatch/middleware/best_standards_support.rb:17:in `call'
/Library/Ruby/Gems/1.8/gems/rack-1.3.5/lib/rack/etag.rb:23:in `call'
/Library/Ruby/Gems/1.8/gems/rack-1.3.5/lib/rack/conditionalget.rb:25:in `call'
/Library/Ruby/Gems/1.8/gems/actionpack-3.1.3/lib/action_dispatch/middleware/head.rb:14:in `call'
/Library/Ruby/Gems/1.8/gems/actionpack-3.1.3/lib/action_dispatch/middleware/params_parser.rb:21:in `call'
/Library/Ruby/Gems/1.8/gems/actionpack-3.1.3/lib/action_dispatch/middleware/flash.rb:247:in `call'
/Library/Ruby/Gems/1.8/gems/rack-1.3.5/lib/rack/session/abstract/id.rb:195:in `context'
/Library/Ruby/Gems/1.8/gems/rack-1.3.5/lib/rack/session/abstract/id.rb:190:in `call'
/Library/Ruby/Gems/1.8/gems/actionpack-3.1.3/lib/action_dispatch/middleware/cookies.rb:331:in `call'
/Library/Ruby/Gems/1.8/gems/activerecord-3.1.3/lib/active_record/query_cache.rb:64:in `call'
/Library/Ruby/Gems/1.8/gems/activerecord-3.1.3/lib/active_record/connection_adapters/abstract/connection_pool.rb:477:in `call'
/Library/Ruby/Gems/1.8/gems/actionpack-3.1.3/lib/action_dispatch/middleware/callbacks.rb:29:in `call'
/Library/Ruby/Gems/1.8/gems/activesupport-3.1.3/lib/active_support/callbacks.rb:392:in `_run_call_callbacks'
/Library/Ruby/Gems/1.8/gems/activesupport-3.1.3/lib/active_support/callbacks.rb:81:in `send'
/Library/Ruby/Gems/1.8/gems/activesupport-3.1.3/lib/active_support/callbacks.rb:81:in `run_callbacks'
/Library/Ruby/Gems/1.8/gems/actionpack-3.1.3/lib/action_dispatch/middleware/callbacks.rb:28:in `call'
/Library/Ruby/Gems/1.8/gems/actionpack-3.1.3/lib/action_dispatch/middleware/reloader.rb:68:in `call'
/Library/Ruby/Gems/1.8/gems/rack-1.3.5/lib/rack/sendfile.rb:101:in `call'
/Library/Ruby/Gems/1.8/gems/actionpack-3.1.3/lib/action_dispatch/middleware/remote_ip.rb:48:in `call'
/Library/Ruby/Gems/1.8/gems/actionpack-3.1.3/lib/action_dispatch/middleware/show_exceptions.rb:47:in `call'
/Library/Ruby/Gems/1.8/gems/railties-3.1.3/lib/rails/rack/logger.rb:13:in `call'
/Library/Ruby/Gems/1.8/gems/rack-1.3.5/lib/rack/methodoverride.rb:24:in `call'
/Library/Ruby/Gems/1.8/gems/rack-1.3.5/lib/rack/runtime.rb:17:in `call'
/Library/Ruby/Gems/1.8/gems/activesupport-3.1.3/lib/active_support/cache/strategy/local_cache.rb:72:in `call'
/Library/Ruby/Gems/1.8/gems/rack-1.3.5/lib/rack/lock.rb:15:in `call'
/Library/Ruby/Gems/1.8/gems/actionpack-3.1.3/lib/action_dispatch/middleware/static.rb:53:in `call'
/Library/Ruby/Gems/1.8/gems/railties-3.1.3/lib/rails/engine.rb:456:in `call'
/Library/Ruby/Gems/1.8/gems/rack-1.3.5/lib/rack/content_length.rb:14:in `call'
/Library/Ruby/Gems/1.8/gems/railties-3.1.3/lib/rails/rack/log_tailer.rb:14:in `call'
/Library/Ruby/Gems/1.8/gems/rack-1.3.5/lib/rack/handler/webrick.rb:59:in `service'
/System/Library/Frameworks/Ruby.framework/Versions/1.8/usr/lib/ruby/1.8/webrick/httpserver.rb:104:in `service'
/System/Library/Frameworks/Ruby.framework/Versions/1.8/usr/lib/ruby/1.8/webrick/httpserver.rb:65:in `run'
/System/Library/Frameworks/Ruby.framework/Versions/1.8/usr/lib/ruby/1.8/webrick/server.rb:173:in `start_thread'
/System/Library/Frameworks/Ruby.framework/Versions/1.8/usr/lib/ruby/1.8/webrick/server.rb:162:in `start'
/System/Library/Frameworks/Ruby.framework/Versions/1.8/usr/lib/ruby/1.8/webrick/server.rb:162:in `start_thread'
/System/Library/Frameworks/Ruby.framework/Versions/1.8/usr/lib/ruby/1.8/webrick/server.rb:95:in `start'
/System/Library/Frameworks/Ruby.framework/Versions/1.8/usr/lib/ruby/1.8/webrick/server.rb:92:in `each'
/System/Library/Frameworks/Ruby.framework/Versions/1.8/usr/lib/ruby/1.8/webrick/server.rb:92:in `start'
/System/Library/Frameworks/Ruby.framework/Versions/1.8/usr/lib/ruby/1.8/webrick/server.rb:23:in `start'
/System/Library/Frameworks/Ruby.framework/Versions/1.8/usr/lib/ruby/1.8/webrick/server.rb:82:in `start'
/Library/Ruby/Gems/1.8/gems/rack-1.3.5/lib/rack/handler/webrick.rb:13:in `run'
/Library/Ruby/Gems/1.8/gems/rack-1.3.5/lib/rack/server.rb:265:in `start'
/Library/Ruby/Gems/1.8/gems/railties-3.1.3/lib/rails/commands/server.rb:70:in `start'
/Library/Ruby/Gems/1.8/gems/railties-3.1.3/lib/rails/commands.rb:54
/Library/Ruby/Gems/1.8/gems/railties-3.1.3/lib/rails/commands.rb:49:in `tap'
/Library/Ruby/Gems/1.8/gems/railties-3.1.3/lib/rails/commands.rb:49
script/rails:6:in `require'
script/rails:6
Rendered home/index.html.erb within layouts/application (1.0ms)
Completed 500 Internal Server Error in 26ms

ActionView::Template::Error (compile error
/Users/cblair/src/portal/app/views/home/index.html.erb:7: syntax error, unexpected kENSURE
/Users/cblair/src/portal/app/views/home/index.html.erb:9: syntax error, unexpected kEND, expecting ')'):
    4: <p></p>
    5: 
    6: <!--<%= #@footer %>-->
  app/views/home/index.html.erb:9:in `compile'

Rendered /Library/Ruby/Gems/1.8/gems/actionpack-3.1.3/lib/action_dispatch/middleware/templates/rescues/_trace.erb (1.8ms)
Rendered /Library/Ruby/Gems/1.8/gems/actionpack-3.1.3/lib/action_dispatch/middleware/templates/rescues/_request_and_response.erb (1.1ms)
Rendered /Library/Ruby/Gems/1.8/gems/actionpack-3.1.3/lib/action_dispatch/middleware/templates/rescues/template_error.erb within rescues/layout (8.6ms)


Started GET "/" for 127.0.0.1 at Mon Dec 19 21:03:33 -0800 2011
  Processing by HomeController#index as HTML
ERROR: compiling _app_views_home_index_html_erb___825768155_2283546580 RAISED compile error
/Users/cblair/src/portal/app/views/home/index.html.erb:7: syntax error, unexpected kENSURE
/Users/cblair/src/portal/app/views/home/index.html.erb:9: syntax error, unexpected kEND, expecting ')'
Function body:           def _app_views_home_index_html_erb___825768155_2283546580(local_assigns, output_buffer)
            _old_virtual_path, @virtual_path = @virtual_path, "home/index";_old_output_buffer = @output_buffer;;@output_buffer = output_buffer || ActionView::OutputBuffer.new;@output_buffer.safe_concat('<!--');@output_buffer.append= ( @header );@output_buffer.safe_concat('-->

<h1>Welcome to Portal</h1>
<p></p>

<!--');@output_buffer.append= ( #@footer );@output_buffer.safe_concat('-->');@output_buffer.to_s
          ensure
            @virtual_path, @output_buffer = _old_virtual_path, _old_output_buffer
          end
Backtrace: /Users/cblair/src/portal/app/views/home/index.html.erb:9:in `compile'
/Library/Ruby/Gems/1.8/gems/actionpack-3.1.3/lib/action_view/template.rb:217:in `compile!'
/Library/Ruby/Gems/1.8/gems/actionpack-3.1.3/lib/action_view/template.rb:170:in `render'
/Library/Ruby/Gems/1.8/gems/activesupport-3.1.3/lib/active_support/notifications.rb:55:in `instrument'
/Library/Ruby/Gems/1.8/gems/actionpack-3.1.3/lib/action_view/template.rb:169:in `render'
/Library/Ruby/Gems/1.8/gems/actionpack-3.1.3/lib/action_view/renderer/template_renderer.rb:40:in `render_template'
/Library/Ruby/Gems/1.8/gems/actionpack-3.1.3/lib/action_view/renderer/abstract_renderer.rb:33:in `instrument'
/Library/Ruby/Gems/1.8/gems/activesupport-3.1.3/lib/active_support/notifications.rb:53:in `instrument'
/Library/Ruby/Gems/1.8/gems/activesupport-3.1.3/lib/active_support/notifications/instrumenter.rb:21:in `instrument'
/Library/Ruby/Gems/1.8/gems/activesupport-3.1.3/lib/active_support/notifications.rb:53:in `instrument'
/Library/Ruby/Gems/1.8/gems/actionpack-3.1.3/lib/action_view/renderer/abstract_renderer.rb:33:in `instrument'
/Library/Ruby/Gems/1.8/gems/actionpack-3.1.3/lib/action_view/renderer/template_renderer.rb:39:in `render_template'
/Library/Ruby/Gems/1.8/gems/actionpack-3.1.3/lib/action_view/renderer/template_renderer.rb:47:in `render_with_layout'
/Library/Ruby/Gems/1.8/gems/actionpack-3.1.3/lib/action_view/renderer/template_renderer.rb:38:in `render_template'
/Library/Ruby/Gems/1.8/gems/actionpack-3.1.3/lib/action_view/renderer/template_renderer.rb:12:in `render'
/Library/Ruby/Gems/1.8/gems/actionpack-3.1.3/lib/action_view/renderer/abstract_renderer.rb:22:in `wrap_formats'
/Library/Ruby/Gems/1.8/gems/actionpack-3.1.3/lib/action_view/renderer/template_renderer.rb:9:in `render'
/Library/Ruby/Gems/1.8/gems/actionpack-3.1.3/lib/action_view/renderer/renderer.rb:36:in `render_template'
/Library/Ruby/Gems/1.8/gems/actionpack-3.1.3/lib/action_view/renderer/renderer.rb:17:in `render'
/Library/Ruby/Gems/1.8/gems/actionpack-3.1.3/lib/abstract_controller/rendering.rb:120:in `_render_template'
/Library/Ruby/Gems/1.8/gems/actionpack-3.1.3/lib/action_controller/metal/streaming.rb:250:in `_render_template'
/Library/Ruby/Gems/1.8/gems/actionpack-3.1.3/lib/abstract_controller/rendering.rb:114:in `render_to_body'
/Library/Ruby/Gems/1.8/gems/actionpack-3.1.3/lib/action_controller/metal/renderers.rb:30:in `render_to_body'
/Library/Ruby/Gems/1.8/gems/actionpack-3.1.3/lib/action_controller/metal/compatibility.rb:43:in `render_to_body'
/Library/Ruby/Gems/1.8/gems/actionpack-3.1.3/lib/abstract_controller/rendering.rb:99:in `render'
/Library/Ruby/Gems/1.8/gems/actionpack-3.1.3/lib/action_controller/metal/rendering.rb:16:in `render'
/Library/Ruby/Gems/1.8/gems/actionpack-3.1.3/lib/action_controller/metal/instrumentation.rb:40:in `render'
/Library/Ruby/Gems/1.8/gems/activesupport-3.1.3/lib/active_support/core_ext/benchmark.rb:5:in `ms'
/System/Library/Frameworks/Ruby.framework/Versions/1.8/usr/lib/ruby/1.8/benchmark.rb:308:in `realtime'
/Library/Ruby/Gems/1.8/gems/activesupport-3.1.3/lib/active_support/core_ext/benchmark.rb:5:in `ms'
/Library/Ruby/Gems/1.8/gems/actionpack-3.1.3/lib/action_controller/metal/instrumentation.rb:40:in `render'
/Library/Ruby/Gems/1.8/gems/actionpack-3.1.3/lib/action_controller/metal/instrumentation.rb:78:in `cleanup_view_runtime'
/Library/Ruby/Gems/1.8/gems/activerecord-3.1.3/lib/active_record/railties/controller_runtime.rb:24:in `cleanup_view_runtime'
/Library/Ruby/Gems/1.8/gems/actionpack-3.1.3/lib/action_controller/metal/instrumentation.rb:39:in `render'
/Library/Ruby/Gems/1.8/gems/actionpack-3.1.3/lib/action_controller/metal/implicit_render.rb:10:in `default_render'
/Library/Ruby/Gems/1.8/gems/actionpack-3.1.3/lib/action_controller/metal/implicit_render.rb:5:in `send_action'
/Library/Ruby/Gems/1.8/gems/actionpack-3.1.3/lib/abstract_controller/base.rb:167:in `process_action'
/Library/Ruby/Gems/1.8/gems/actionpack-3.1.3/lib/action_controller/metal/rendering.rb:10:in `process_action'
/Library/Ruby/Gems/1.8/gems/actionpack-3.1.3/lib/abstract_controller/callbacks.rb:18:in `process_action'
/Library/Ruby/Gems/1.8/gems/activesupport-3.1.3/lib/active_support/callbacks.rb:425:in `_run__738958071__process_action__199225275__callbacks'
/Library/Ruby/Gems/1.8/gems/activesupport-3.1.3/lib/active_support/callbacks.rb:386:in `send'
/Library/Ruby/Gems/1.8/gems/activesupport-3.1.3/lib/active_support/callbacks.rb:386:in `_run_process_action_callbacks'
/Library/Ruby/Gems/1.8/gems/activesupport-3.1.3/lib/active_support/callbacks.rb:81:in `send'
/Library/Ruby/Gems/1.8/gems/activesupport-3.1.3/lib/active_support/callbacks.rb:81:in `run_callbacks'
/Library/Ruby/Gems/1.8/gems/actionpack-3.1.3/lib/abstract_controller/callbacks.rb:17:in `process_action'
/Library/Ruby/Gems/1.8/gems/actionpack-3.1.3/lib/action_controller/metal/rescue.rb:17:in `process_action'
/Library/Ruby/Gems/1.8/gems/actionpack-3.1.3/lib/action_controller/metal/instrumentation.rb:30:in `process_action'
/Library/Ruby/Gems/1.8/gems/activesupport-3.1.3/lib/active_support/notifications.rb:53:in `instrument'
/Library/Ruby/Gems/1.8/gems/activesupport-3.1.3/lib/active_support/notifications/instrumenter.rb:21:in `instrument'
/Library/Ruby/Gems/1.8/gems/activesupport-3.1.3/lib/active_support/notifications.rb:53:in `instrument'
/Library/Ruby/Gems/1.8/gems/actionpack-3.1.3/lib/action_controller/metal/instrumentation.rb:29:in `process_action'
/Library/Ruby/Gems/1.8/gems/actionpack-3.1.3/lib/action_controller/metal/params_wrapper.rb:201:in `process_action'
/Library/Ruby/Gems/1.8/gems/activerecord-3.1.3/lib/active_record/railties/controller_runtime.rb:18:in `process_action'
/Library/Ruby/Gems/1.8/gems/actionpack-3.1.3/lib/abstract_controller/base.rb:121:in `process'
/Library/Ruby/Gems/1.8/gems/actionpack-3.1.3/lib/abstract_controller/rendering.rb:45:in `process'
/Library/Ruby/Gems/1.8/gems/actionpack-3.1.3/lib/action_controller/metal.rb:193:in `dispatch'
/Library/Ruby/Gems/1.8/gems/actionpack-3.1.3/lib/action_controller/metal/rack_delegation.rb:14:in `dispatch'
/Library/Ruby/Gems/1.8/gems/actionpack-3.1.3/lib/action_controller/metal.rb:236:in `action'
/Library/Ruby/Gems/1.8/gems/actionpack-3.1.3/lib/action_dispatch/routing/route_set.rb:65:in `call'
/Library/Ruby/Gems/1.8/gems/actionpack-3.1.3/lib/action_dispatch/routing/route_set.rb:65:in `dispatch'
/Library/Ruby/Gems/1.8/gems/actionpack-3.1.3/lib/action_dispatch/routing/route_set.rb:29:in `call'
/Library/Ruby/Gems/1.8/gems/rack-mount-0.8.3/lib/rack/mount/route_set.rb:152:in `call'
/Library/Ruby/Gems/1.8/gems/rack-mount-0.8.3/lib/rack/mount/code_generation.rb:96:in `recognize'
/Library/Ruby/Gems/1.8/gems/rack-mount-0.8.3/lib/rack/mount/code_generation.rb:75:in `optimized_each'
/Library/Ruby/Gems/1.8/gems/rack-mount-0.8.3/lib/rack/mount/code_generation.rb:95:in `recognize'
/Library/Ruby/Gems/1.8/gems/rack-mount-0.8.3/lib/rack/mount/route_set.rb:141:in `call'
/Library/Ruby/Gems/1.8/gems/actionpack-3.1.3/lib/action_dispatch/routing/route_set.rb:532:in `call'
/Library/Ruby/Gems/1.8/gems/actionpack-3.1.3/lib/action_dispatch/middleware/best_standards_support.rb:17:in `call'
/Library/Ruby/Gems/1.8/gems/rack-1.3.5/lib/rack/etag.rb:23:in `call'
/Library/Ruby/Gems/1.8/gems/rack-1.3.5/lib/rack/conditionalget.rb:25:in `call'
/Library/Ruby/Gems/1.8/gems/actionpack-3.1.3/lib/action_dispatch/middleware/head.rb:14:in `call'
/Library/Ruby/Gems/1.8/gems/actionpack-3.1.3/lib/action_dispatch/middleware/params_parser.rb:21:in `call'
/Library/Ruby/Gems/1.8/gems/actionpack-3.1.3/lib/action_dispatch/middleware/flash.rb:247:in `call'
/Library/Ruby/Gems/1.8/gems/rack-1.3.5/lib/rack/session/abstract/id.rb:195:in `context'
/Library/Ruby/Gems/1.8/gems/rack-1.3.5/lib/rack/session/abstract/id.rb:190:in `call'
/Library/Ruby/Gems/1.8/gems/actionpack-3.1.3/lib/action_dispatch/middleware/cookies.rb:331:in `call'
/Library/Ruby/Gems/1.8/gems/activerecord-3.1.3/lib/active_record/query_cache.rb:64:in `call'
/Library/Ruby/Gems/1.8/gems/activerecord-3.1.3/lib/active_record/connection_adapters/abstract/connection_pool.rb:477:in `call'
/Library/Ruby/Gems/1.8/gems/actionpack-3.1.3/lib/action_dispatch/middleware/callbacks.rb:29:in `call'
/Library/Ruby/Gems/1.8/gems/activesupport-3.1.3/lib/active_support/callbacks.rb:392:in `_run_call_callbacks'
/Library/Ruby/Gems/1.8/gems/activesupport-3.1.3/lib/active_support/callbacks.rb:81:in `send'
/Library/Ruby/Gems/1.8/gems/activesupport-3.1.3/lib/active_support/callbacks.rb:81:in `run_callbacks'
/Library/Ruby/Gems/1.8/gems/actionpack-3.1.3/lib/action_dispatch/middleware/callbacks.rb:28:in `call'
/Library/Ruby/Gems/1.8/gems/actionpack-3.1.3/lib/action_dispatch/middleware/reloader.rb:68:in `call'
/Library/Ruby/Gems/1.8/gems/rack-1.3.5/lib/rack/sendfile.rb:101:in `call'
/Library/Ruby/Gems/1.8/gems/actionpack-3.1.3/lib/action_dispatch/middleware/remote_ip.rb:48:in `call'
/Library/Ruby/Gems/1.8/gems/actionpack-3.1.3/lib/action_dispatch/middleware/show_exceptions.rb:47:in `call'
/Library/Ruby/Gems/1.8/gems/railties-3.1.3/lib/rails/rack/logger.rb:13:in `call'
/Library/Ruby/Gems/1.8/gems/rack-1.3.5/lib/rack/methodoverride.rb:24:in `call'
/Library/Ruby/Gems/1.8/gems/rack-1.3.5/lib/rack/runtime.rb:17:in `call'
/Library/Ruby/Gems/1.8/gems/activesupport-3.1.3/lib/active_support/cache/strategy/local_cache.rb:72:in `call'
/Library/Ruby/Gems/1.8/gems/rack-1.3.5/lib/rack/lock.rb:15:in `call'
/Library/Ruby/Gems/1.8/gems/actionpack-3.1.3/lib/action_dispatch/middleware/static.rb:53:in `call'
/Library/Ruby/Gems/1.8/gems/railties-3.1.3/lib/rails/engine.rb:456:in `call'
/Library/Ruby/Gems/1.8/gems/rack-1.3.5/lib/rack/content_length.rb:14:in `call'
/Library/Ruby/Gems/1.8/gems/railties-3.1.3/lib/rails/rack/log_tailer.rb:14:in `call'
/Library/Ruby/Gems/1.8/gems/rack-1.3.5/lib/rack/handler/webrick.rb:59:in `service'
/System/Library/Frameworks/Ruby.framework/Versions/1.8/usr/lib/ruby/1.8/webrick/httpserver.rb:104:in `service'
/System/Library/Frameworks/Ruby.framework/Versions/1.8/usr/lib/ruby/1.8/webrick/httpserver.rb:65:in `run'
/System/Library/Frameworks/Ruby.framework/Versions/1.8/usr/lib/ruby/1.8/webrick/server.rb:173:in `start_thread'
/System/Library/Frameworks/Ruby.framework/Versions/1.8/usr/lib/ruby/1.8/webrick/server.rb:162:in `start'
/System/Library/Frameworks/Ruby.framework/Versions/1.8/usr/lib/ruby/1.8/webrick/server.rb:162:in `start_thread'
/System/Library/Frameworks/Ruby.framework/Versions/1.8/usr/lib/ruby/1.8/webrick/server.rb:95:in `start'
/System/Library/Frameworks/Ruby.framework/Versions/1.8/usr/lib/ruby/1.8/webrick/server.rb:92:in `each'
/System/Library/Frameworks/Ruby.framework/Versions/1.8/usr/lib/ruby/1.8/webrick/server.rb:92:in `start'
/System/Library/Frameworks/Ruby.framework/Versions/1.8/usr/lib/ruby/1.8/webrick/server.rb:23:in `start'
/System/Library/Frameworks/Ruby.framework/Versions/1.8/usr/lib/ruby/1.8/webrick/server.rb:82:in `start'
/Library/Ruby/Gems/1.8/gems/rack-1.3.5/lib/rack/handler/webrick.rb:13:in `run'
/Library/Ruby/Gems/1.8/gems/rack-1.3.5/lib/rack/server.rb:265:in `start'
/Library/Ruby/Gems/1.8/gems/railties-3.1.3/lib/rails/commands/server.rb:70:in `start'
/Library/Ruby/Gems/1.8/gems/railties-3.1.3/lib/rails/commands.rb:54
/Library/Ruby/Gems/1.8/gems/railties-3.1.3/lib/rails/commands.rb:49:in `tap'
/Library/Ruby/Gems/1.8/gems/railties-3.1.3/lib/rails/commands.rb:49
script/rails:6:in `require'
script/rails:6
Rendered home/index.html.erb within layouts/application (0.8ms)
Completed 500 Internal Server Error in 14ms

ActionView::Template::Error (compile error
/Users/cblair/src/portal/app/views/home/index.html.erb:7: syntax error, unexpected kENSURE
/Users/cblair/src/portal/app/views/home/index.html.erb:9: syntax error, unexpected kEND, expecting ')'):
    4: <p></p>
    5: 
    6: <!--<%= #@footer %>-->
  app/views/home/index.html.erb:9:in `compile'

Rendered /Library/Ruby/Gems/1.8/gems/actionpack-3.1.3/lib/action_dispatch/middleware/templates/rescues/_trace.erb (2.8ms)
Rendered /Library/Ruby/Gems/1.8/gems/actionpack-3.1.3/lib/action_dispatch/middleware/templates/rescues/_request_and_response.erb (1.9ms)
Rendered /Library/Ruby/Gems/1.8/gems/actionpack-3.1.3/lib/action_dispatch/middleware/templates/rescues/template_error.erb within rescues/layout (8.8ms)


Started GET "/" for 127.0.0.1 at Mon Dec 19 21:03:44 -0800 2011
  Processing by HomeController#index as HTML
ERROR: compiling _app_views_home_index_html_erb___825768155_2283546580 RAISED compile error
/Users/cblair/src/portal/app/views/home/index.html.erb:7: syntax error, unexpected kENSURE
/Users/cblair/src/portal/app/views/home/index.html.erb:9: syntax error, unexpected kEND, expecting ')'
Function body:           def _app_views_home_index_html_erb___825768155_2283546580(local_assigns, output_buffer)
            _old_virtual_path, @virtual_path = @virtual_path, "home/index";_old_output_buffer = @output_buffer;;@output_buffer = output_buffer || ActionView::OutputBuffer.new;@output_buffer.safe_concat('<!--');@output_buffer.append= ( @header );@output_buffer.safe_concat('-->

<h1>Welcome to Portal</h1>
<p></p>

<!--');@output_buffer.append= ( #@footer );@output_buffer.safe_concat('-->');@output_buffer.to_s
          ensure
            @virtual_path, @output_buffer = _old_virtual_path, _old_output_buffer
          end
Backtrace: /Users/cblair/src/portal/app/views/home/index.html.erb:9:in `compile'
/Library/Ruby/Gems/1.8/gems/actionpack-3.1.3/lib/action_view/template.rb:217:in `compile!'
/Library/Ruby/Gems/1.8/gems/actionpack-3.1.3/lib/action_view/template.rb:170:in `render'
/Library/Ruby/Gems/1.8/gems/activesupport-3.1.3/lib/active_support/notifications.rb:55:in `instrument'
/Library/Ruby/Gems/1.8/gems/actionpack-3.1.3/lib/action_view/template.rb:169:in `render'
/Library/Ruby/Gems/1.8/gems/actionpack-3.1.3/lib/action_view/renderer/template_renderer.rb:40:in `render_template'
/Library/Ruby/Gems/1.8/gems/actionpack-3.1.3/lib/action_view/renderer/abstract_renderer.rb:33:in `instrument'
/Library/Ruby/Gems/1.8/gems/activesupport-3.1.3/lib/active_support/notifications.rb:53:in `instrument'
/Library/Ruby/Gems/1.8/gems/activesupport-3.1.3/lib/active_support/notifications/instrumenter.rb:21:in `instrument'
/Library/Ruby/Gems/1.8/gems/activesupport-3.1.3/lib/active_support/notifications.rb:53:in `instrument'
/Library/Ruby/Gems/1.8/gems/actionpack-3.1.3/lib/action_view/renderer/abstract_renderer.rb:33:in `instrument'
/Library/Ruby/Gems/1.8/gems/actionpack-3.1.3/lib/action_view/renderer/template_renderer.rb:39:in `render_template'
/Library/Ruby/Gems/1.8/gems/actionpack-3.1.3/lib/action_view/renderer/template_renderer.rb:47:in `render_with_layout'
/Library/Ruby/Gems/1.8/gems/actionpack-3.1.3/lib/action_view/renderer/template_renderer.rb:38:in `render_template'
/Library/Ruby/Gems/1.8/gems/actionpack-3.1.3/lib/action_view/renderer/template_renderer.rb:12:in `render'
/Library/Ruby/Gems/1.8/gems/actionpack-3.1.3/lib/action_view/renderer/abstract_renderer.rb:22:in `wrap_formats'
/Library/Ruby/Gems/1.8/gems/actionpack-3.1.3/lib/action_view/renderer/template_renderer.rb:9:in `render'
/Library/Ruby/Gems/1.8/gems/actionpack-3.1.3/lib/action_view/renderer/renderer.rb:36:in `render_template'
/Library/Ruby/Gems/1.8/gems/actionpack-3.1.3/lib/action_view/renderer/renderer.rb:17:in `render'
/Library/Ruby/Gems/1.8/gems/actionpack-3.1.3/lib/abstract_controller/rendering.rb:120:in `_render_template'
/Library/Ruby/Gems/1.8/gems/actionpack-3.1.3/lib/action_controller/metal/streaming.rb:250:in `_render_template'
/Library/Ruby/Gems/1.8/gems/actionpack-3.1.3/lib/abstract_controller/rendering.rb:114:in `render_to_body'
/Library/Ruby/Gems/1.8/gems/actionpack-3.1.3/lib/action_controller/metal/renderers.rb:30:in `render_to_body'
/Library/Ruby/Gems/1.8/gems/actionpack-3.1.3/lib/action_controller/metal/compatibility.rb:43:in `render_to_body'
/Library/Ruby/Gems/1.8/gems/actionpack-3.1.3/lib/abstract_controller/rendering.rb:99:in `render'
/Library/Ruby/Gems/1.8/gems/actionpack-3.1.3/lib/action_controller/metal/rendering.rb:16:in `render'
/Library/Ruby/Gems/1.8/gems/actionpack-3.1.3/lib/action_controller/metal/instrumentation.rb:40:in `render'
/Library/Ruby/Gems/1.8/gems/activesupport-3.1.3/lib/active_support/core_ext/benchmark.rb:5:in `ms'
/System/Library/Frameworks/Ruby.framework/Versions/1.8/usr/lib/ruby/1.8/benchmark.rb:308:in `realtime'
/Library/Ruby/Gems/1.8/gems/activesupport-3.1.3/lib/active_support/core_ext/benchmark.rb:5:in `ms'
/Library/Ruby/Gems/1.8/gems/actionpack-3.1.3/lib/action_controller/metal/instrumentation.rb:40:in `render'
/Library/Ruby/Gems/1.8/gems/actionpack-3.1.3/lib/action_controller/metal/instrumentation.rb:78:in `cleanup_view_runtime'
/Library/Ruby/Gems/1.8/gems/activerecord-3.1.3/lib/active_record/railties/controller_runtime.rb:24:in `cleanup_view_runtime'
/Library/Ruby/Gems/1.8/gems/actionpack-3.1.3/lib/action_controller/metal/instrumentation.rb:39:in `render'
/Library/Ruby/Gems/1.8/gems/actionpack-3.1.3/lib/action_controller/metal/implicit_render.rb:10:in `default_render'
/Library/Ruby/Gems/1.8/gems/actionpack-3.1.3/lib/action_controller/metal/implicit_render.rb:5:in `send_action'
/Library/Ruby/Gems/1.8/gems/actionpack-3.1.3/lib/abstract_controller/base.rb:167:in `process_action'
/Library/Ruby/Gems/1.8/gems/actionpack-3.1.3/lib/action_controller/metal/rendering.rb:10:in `process_action'
/Library/Ruby/Gems/1.8/gems/actionpack-3.1.3/lib/abstract_controller/callbacks.rb:18:in `process_action'
/Library/Ruby/Gems/1.8/gems/activesupport-3.1.3/lib/active_support/callbacks.rb:425:in `_run__738958071__process_action__199225275__callbacks'
/Library/Ruby/Gems/1.8/gems/activesupport-3.1.3/lib/active_support/callbacks.rb:386:in `send'
/Library/Ruby/Gems/1.8/gems/activesupport-3.1.3/lib/active_support/callbacks.rb:386:in `_run_process_action_callbacks'
/Library/Ruby/Gems/1.8/gems/activesupport-3.1.3/lib/active_support/callbacks.rb:81:in `send'
/Library/Ruby/Gems/1.8/gems/activesupport-3.1.3/lib/active_support/callbacks.rb:81:in `run_callbacks'
/Library/Ruby/Gems/1.8/gems/actionpack-3.1.3/lib/abstract_controller/callbacks.rb:17:in `process_action'
/Library/Ruby/Gems/1.8/gems/actionpack-3.1.3/lib/action_controller/metal/rescue.rb:17:in `process_action'
/Library/Ruby/Gems/1.8/gems/actionpack-3.1.3/lib/action_controller/metal/instrumentation.rb:30:in `process_action'
/Library/Ruby/Gems/1.8/gems/activesupport-3.1.3/lib/active_support/notifications.rb:53:in `instrument'
/Library/Ruby/Gems/1.8/gems/activesupport-3.1.3/lib/active_support/notifications/instrumenter.rb:21:in `instrument'
/Library/Ruby/Gems/1.8/gems/activesupport-3.1.3/lib/active_support/notifications.rb:53:in `instrument'
/Library/Ruby/Gems/1.8/gems/actionpack-3.1.3/lib/action_controller/metal/instrumentation.rb:29:in `process_action'
/Library/Ruby/Gems/1.8/gems/actionpack-3.1.3/lib/action_controller/metal/params_wrapper.rb:201:in `process_action'
/Library/Ruby/Gems/1.8/gems/activerecord-3.1.3/lib/active_record/railties/controller_runtime.rb:18:in `process_action'
/Library/Ruby/Gems/1.8/gems/actionpack-3.1.3/lib/abstract_controller/base.rb:121:in `process'
/Library/Ruby/Gems/1.8/gems/actionpack-3.1.3/lib/abstract_controller/rendering.rb:45:in `process'
/Library/Ruby/Gems/1.8/gems/actionpack-3.1.3/lib/action_controller/metal.rb:193:in `dispatch'
/Library/Ruby/Gems/1.8/gems/actionpack-3.1.3/lib/action_controller/metal/rack_delegation.rb:14:in `dispatch'
/Library/Ruby/Gems/1.8/gems/actionpack-3.1.3/lib/action_controller/metal.rb:236:in `action'
/Library/Ruby/Gems/1.8/gems/actionpack-3.1.3/lib/action_dispatch/routing/route_set.rb:65:in `call'
/Library/Ruby/Gems/1.8/gems/actionpack-3.1.3/lib/action_dispatch/routing/route_set.rb:65:in `dispatch'
/Library/Ruby/Gems/1.8/gems/actionpack-3.1.3/lib/action_dispatch/routing/route_set.rb:29:in `call'
/Library/Ruby/Gems/1.8/gems/rack-mount-0.8.3/lib/rack/mount/route_set.rb:152:in `call'
/Library/Ruby/Gems/1.8/gems/rack-mount-0.8.3/lib/rack/mount/code_generation.rb:96:in `recognize'
/Library/Ruby/Gems/1.8/gems/rack-mount-0.8.3/lib/rack/mount/code_generation.rb:75:in `optimized_each'
/Library/Ruby/Gems/1.8/gems/rack-mount-0.8.3/lib/rack/mount/code_generation.rb:95:in `recognize'
/Library/Ruby/Gems/1.8/gems/rack-mount-0.8.3/lib/rack/mount/route_set.rb:141:in `call'
/Library/Ruby/Gems/1.8/gems/actionpack-3.1.3/lib/action_dispatch/routing/route_set.rb:532:in `call'
/Library/Ruby/Gems/1.8/gems/actionpack-3.1.3/lib/action_dispatch/middleware/best_standards_support.rb:17:in `call'
/Library/Ruby/Gems/1.8/gems/rack-1.3.5/lib/rack/etag.rb:23:in `call'
/Library/Ruby/Gems/1.8/gems/rack-1.3.5/lib/rack/conditionalget.rb:25:in `call'
/Library/Ruby/Gems/1.8/gems/actionpack-3.1.3/lib/action_dispatch/middleware/head.rb:14:in `call'
/Library/Ruby/Gems/1.8/gems/actionpack-3.1.3/lib/action_dispatch/middleware/params_parser.rb:21:in `call'
/Library/Ruby/Gems/1.8/gems/actionpack-3.1.3/lib/action_dispatch/middleware/flash.rb:247:in `call'
/Library/Ruby/Gems/1.8/gems/rack-1.3.5/lib/rack/session/abstract/id.rb:195:in `context'
/Library/Ruby/Gems/1.8/gems/rack-1.3.5/lib/rack/session/abstract/id.rb:190:in `call'
/Library/Ruby/Gems/1.8/gems/actionpack-3.1.3/lib/action_dispatch/middleware/cookies.rb:331:in `call'
/Library/Ruby/Gems/1.8/gems/activerecord-3.1.3/lib/active_record/query_cache.rb:64:in `call'
/Library/Ruby/Gems/1.8/gems/activerecord-3.1.3/lib/active_record/connection_adapters/abstract/connection_pool.rb:477:in `call'
/Library/Ruby/Gems/1.8/gems/actionpack-3.1.3/lib/action_dispatch/middleware/callbacks.rb:29:in `call'
/Library/Ruby/Gems/1.8/gems/activesupport-3.1.3/lib/active_support/callbacks.rb:392:in `_run_call_callbacks'
/Library/Ruby/Gems/1.8/gems/activesupport-3.1.3/lib/active_support/callbacks.rb:81:in `send'
/Library/Ruby/Gems/1.8/gems/activesupport-3.1.3/lib/active_support/callbacks.rb:81:in `run_callbacks'
/Library/Ruby/Gems/1.8/gems/actionpack-3.1.3/lib/action_dispatch/middleware/callbacks.rb:28:in `call'
/Library/Ruby/Gems/1.8/gems/actionpack-3.1.3/lib/action_dispatch/middleware/reloader.rb:68:in `call'
/Library/Ruby/Gems/1.8/gems/rack-1.3.5/lib/rack/sendfile.rb:101:in `call'
/Library/Ruby/Gems/1.8/gems/actionpack-3.1.3/lib/action_dispatch/middleware/remote_ip.rb:48:in `call'
/Library/Ruby/Gems/1.8/gems/actionpack-3.1.3/lib/action_dispatch/middleware/show_exceptions.rb:47:in `call'
/Library/Ruby/Gems/1.8/gems/railties-3.1.3/lib/rails/rack/logger.rb:13:in `call'
/Library/Ruby/Gems/1.8/gems/rack-1.3.5/lib/rack/methodoverride.rb:24:in `call'
/Library/Ruby/Gems/1.8/gems/rack-1.3.5/lib/rack/runtime.rb:17:in `call'
/Library/Ruby/Gems/1.8/gems/activesupport-3.1.3/lib/active_support/cache/strategy/local_cache.rb:72:in `call'
/Library/Ruby/Gems/1.8/gems/rack-1.3.5/lib/rack/lock.rb:15:in `call'
/Library/Ruby/Gems/1.8/gems/actionpack-3.1.3/lib/action_dispatch/middleware/static.rb:53:in `call'
/Library/Ruby/Gems/1.8/gems/railties-3.1.3/lib/rails/engine.rb:456:in `call'
/Library/Ruby/Gems/1.8/gems/rack-1.3.5/lib/rack/content_length.rb:14:in `call'
/Library/Ruby/Gems/1.8/gems/railties-3.1.3/lib/rails/rack/log_tailer.rb:14:in `call'
/Library/Ruby/Gems/1.8/gems/rack-1.3.5/lib/rack/handler/webrick.rb:59:in `service'
/System/Library/Frameworks/Ruby.framework/Versions/1.8/usr/lib/ruby/1.8/webrick/httpserver.rb:104:in `service'
/System/Library/Frameworks/Ruby.framework/Versions/1.8/usr/lib/ruby/1.8/webrick/httpserver.rb:65:in `run'
/System/Library/Frameworks/Ruby.framework/Versions/1.8/usr/lib/ruby/1.8/webrick/server.rb:173:in `start_thread'
/System/Library/Frameworks/Ruby.framework/Versions/1.8/usr/lib/ruby/1.8/webrick/server.rb:162:in `start'
/System/Library/Frameworks/Ruby.framework/Versions/1.8/usr/lib/ruby/1.8/webrick/server.rb:162:in `start_thread'
/System/Library/Frameworks/Ruby.framework/Versions/1.8/usr/lib/ruby/1.8/webrick/server.rb:95:in `start'
/System/Library/Frameworks/Ruby.framework/Versions/1.8/usr/lib/ruby/1.8/webrick/server.rb:92:in `each'
/System/Library/Frameworks/Ruby.framework/Versions/1.8/usr/lib/ruby/1.8/webrick/server.rb:92:in `start'
/System/Library/Frameworks/Ruby.framework/Versions/1.8/usr/lib/ruby/1.8/webrick/server.rb:23:in `start'
/System/Library/Frameworks/Ruby.framework/Versions/1.8/usr/lib/ruby/1.8/webrick/server.rb:82:in `start'
/Library/Ruby/Gems/1.8/gems/rack-1.3.5/lib/rack/handler/webrick.rb:13:in `run'
/Library/Ruby/Gems/1.8/gems/rack-1.3.5/lib/rack/server.rb:265:in `start'
/Library/Ruby/Gems/1.8/gems/railties-3.1.3/lib/rails/commands/server.rb:70:in `start'
/Library/Ruby/Gems/1.8/gems/railties-3.1.3/lib/rails/commands.rb:54
/Library/Ruby/Gems/1.8/gems/railties-3.1.3/lib/rails/commands.rb:49:in `tap'
/Library/Ruby/Gems/1.8/gems/railties-3.1.3/lib/rails/commands.rb:49
script/rails:6:in `require'
script/rails:6
Rendered home/index.html.erb within layouts/application (0.7ms)
Completed 500 Internal Server Error in 18ms

ActionView::Template::Error (compile error
/Users/cblair/src/portal/app/views/home/index.html.erb:7: syntax error, unexpected kENSURE
/Users/cblair/src/portal/app/views/home/index.html.erb:9: syntax error, unexpected kEND, expecting ')'):
    4: <p></p>
    5: 
    6: <!--<%= #@footer %>-->
  app/views/home/index.html.erb:9:in `compile'

Rendered /Library/Ruby/Gems/1.8/gems/actionpack-3.1.3/lib/action_dispatch/middleware/templates/rescues/_trace.erb (2.3ms)
Rendered /Library/Ruby/Gems/1.8/gems/actionpack-3.1.3/lib/action_dispatch/middleware/templates/rescues/_request_and_response.erb (1.2ms)
Rendered /Library/Ruby/Gems/1.8/gems/actionpack-3.1.3/lib/action_dispatch/middleware/templates/rescues/template_error.erb within rescues/layout (7.3ms)


Started GET "/" for 127.0.0.1 at Mon Dec 19 21:04:43 -0800 2011
  Processing by HomeController#index as HTML
Rendered home/index.html.erb within layouts/application (0.3ms)
Completed 200 OK in 19ms (Views: 19.0ms | ActiveRecord: 0.0ms)


Started GET "/assets/application.css?body=1" for 127.0.0.1 at Mon Dec 19 21:04:43 -0800 2011
Served asset /application.css - 304 Not Modified (0ms)


Started GET "/assets/home.css?body=1" for 127.0.0.1 at Mon Dec 19 21:04:43 -0800 2011
Served asset /home.css - 304 Not Modified (0ms)


Started GET "/assets/pages.css?body=1" for 127.0.0.1 at Mon Dec 19 21:04:43 -0800 2011
Served asset /pages.css - 304 Not Modified (0ms)


Started GET "/assets/scaffolds.css?body=1" for 127.0.0.1 at Mon Dec 19 21:04:43 -0800 2011
Served asset /scaffolds.css - 304 Not Modified (0ms)


Started GET "/assets/jquery.js?body=1" for 127.0.0.1 at Mon Dec 19 21:04:43 -0800 2011
Served asset /jquery.js - 304 Not Modified (0ms)


Started GET "/assets/home.js?body=1" for 127.0.0.1 at Mon Dec 19 21:04:44 -0800 2011
Served asset /home.js - 304 Not Modified (0ms)


Started GET "/assets/jquery_ujs.js?body=1" for 127.0.0.1 at Mon Dec 19 21:04:44 -0800 2011
Served asset /jquery_ujs.js - 304 Not Modified (0ms)


Started GET "/assets/application.js?body=1" for 127.0.0.1 at Mon Dec 19 21:04:44 -0800 2011
Served asset /application.js - 304 Not Modified (0ms)


Started GET "/assets/pages.js?body=1" for 127.0.0.1 at Mon Dec 19 21:04:44 -0800 2011
Served asset /pages.js - 304 Not Modified (0ms)


Started GET "/" for 127.0.0.1 at Mon Dec 19 21:08:00 -0800 2011
  Processing by HomeController#index as HTML
Rendered home/index.html.erb within layouts/application (32.3ms)
Completed 500 Internal Server Error in 42ms

ActionView::Template::Error (undefined method `line_to' for #<#<Class:0x110797190>:0x110792f28>):
    1: <h1>Welcome to Portal</h1>
    2: <p>Create a new page: <% line_to "pages/new" %></p>
  app/views/home/index.html.erb:2:in `_app_views_home_index_html_erb___825768155_2285669260'

Rendered /Library/Ruby/Gems/1.8/gems/actionpack-3.1.3/lib/action_dispatch/middleware/templates/rescues/_trace.erb (1.8ms)
Rendered /Library/Ruby/Gems/1.8/gems/actionpack-3.1.3/lib/action_dispatch/middleware/templates/rescues/_request_and_response.erb (1.1ms)
Rendered /Library/Ruby/Gems/1.8/gems/actionpack-3.1.3/lib/action_dispatch/middleware/templates/rescues/template_error.erb within rescues/layout (7.4ms)


Started GET "/" for 127.0.0.1 at Mon Dec 19 21:08:15 -0800 2011
  Processing by HomeController#index as HTML
Rendered home/index.html.erb within layouts/application (1.0ms)
Completed 200 OK in 19ms (Views: 19.0ms | ActiveRecord: 0.0ms)


Started GET "/assets/application.css?body=1" for 127.0.0.1 at Mon Dec 19 21:08:15 -0800 2011
Served asset /application.css - 304 Not Modified (1ms)


Started GET "/assets/home.css?body=1" for 127.0.0.1 at Mon Dec 19 21:08:15 -0800 2011
Served asset /home.css - 304 Not Modified (0ms)


Started GET "/assets/pages.css?body=1" for 127.0.0.1 at Mon Dec 19 21:08:15 -0800 2011
Served asset /pages.css - 304 Not Modified (0ms)


Started GET "/assets/scaffolds.css?body=1" for 127.0.0.1 at Mon Dec 19 21:08:15 -0800 2011
Served asset /scaffolds.css - 304 Not Modified (0ms)


Started GET "/assets/jquery.js?body=1" for 127.0.0.1 at Mon Dec 19 21:08:15 -0800 2011
Served asset /jquery.js - 304 Not Modified (0ms)


Started GET "/assets/jquery_ujs.js?body=1" for 127.0.0.1 at Mon Dec 19 21:08:15 -0800 2011
Served asset /jquery_ujs.js - 304 Not Modified (0ms)


Started GET "/assets/home.js?body=1" for 127.0.0.1 at Mon Dec 19 21:08:15 -0800 2011
Served asset /home.js - 304 Not Modified (0ms)


Started GET "/assets/pages.js?body=1" for 127.0.0.1 at Mon Dec 19 21:08:15 -0800 2011
Served asset /pages.js - 304 Not Modified (0ms)


Started GET "/assets/application.js?body=1" for 127.0.0.1 at Mon Dec 19 21:08:15 -0800 2011
Served asset /application.js - 304 Not Modified (0ms)


Started GET "/" for 127.0.0.1 at Mon Dec 19 21:08:59 -0800 2011
  Processing by HomeController#index as HTML
Rendered home/index.html.erb within layouts/application (0.5ms)
Completed 200 OK in 19ms (Views: 18.6ms | ActiveRecord: 0.0ms)


Started GET "/assets/application.css?body=1" for 127.0.0.1 at Mon Dec 19 21:08:59 -0800 2011
Served asset /application.css - 304 Not Modified (0ms)


Started GET "/assets/home.css?body=1" for 127.0.0.1 at Mon Dec 19 21:08:59 -0800 2011
Served asset /home.css - 304 Not Modified (0ms)


Started GET "/assets/home.js?body=1" for 127.0.0.1 at Mon Dec 19 21:08:59 -0800 2011
Served asset /home.js - 304 Not Modified (0ms)


Started GET "/assets/scaffolds.css?body=1" for 127.0.0.1 at Mon Dec 19 21:08:59 -0800 2011
Served asset /scaffolds.css - 304 Not Modified (0ms)


Started GET "/assets/jquery.js?body=1" for 127.0.0.1 at Mon Dec 19 21:08:59 -0800 2011
Served asset /jquery.js - 304 Not Modified (0ms)


Started GET "/assets/jquery_ujs.js?body=1" for 127.0.0.1 at Mon Dec 19 21:08:59 -0800 2011
Served asset /jquery_ujs.js - 304 Not Modified (0ms)


Started GET "/assets/pages.css?body=1" for 127.0.0.1 at Mon Dec 19 21:08:59 -0800 2011
Served asset /pages.css - 304 Not Modified (0ms)


Started GET "/assets/pages.js?body=1" for 127.0.0.1 at Mon Dec 19 21:08:59 -0800 2011
Served asset /pages.js - 304 Not Modified (0ms)


Started GET "/assets/application.js?body=1" for 127.0.0.1 at Mon Dec 19 21:08:59 -0800 2011
Served asset /application.js - 304 Not Modified (0ms)


Started GET "/" for 127.0.0.1 at Mon Dec 19 21:10:27 -0800 2011
  Processing by HomeController#index as HTML
Rendered home/index.html.erb within layouts/application (0.5ms)
Completed 200 OK in 19ms (Views: 18.0ms | ActiveRecord: 0.0ms)


Started GET "/assets/application.css?body=1" for 127.0.0.1 at Mon Dec 19 21:10:27 -0800 2011
Served asset /application.css - 304 Not Modified (2ms)


Started GET "/assets/home.css?body=1" for 127.0.0.1 at Mon Dec 19 21:10:27 -0800 2011
Served asset /home.css - 304 Not Modified (0ms)


Started GET "/assets/scaffolds.css?body=1" for 127.0.0.1 at Mon Dec 19 21:10:27 -0800 2011
Served asset /scaffolds.css - 304 Not Modified (0ms)


Started GET "/assets/pages.css?body=1" for 127.0.0.1 at Mon Dec 19 21:10:27 -0800 2011
Served asset /pages.css - 304 Not Modified (0ms)


Started GET "/assets/jquery.js?body=1" for 127.0.0.1 at Mon Dec 19 21:10:27 -0800 2011
Served asset /jquery.js - 304 Not Modified (0ms)


Started GET "/assets/jquery_ujs.js?body=1" for 127.0.0.1 at Mon Dec 19 21:10:27 -0800 2011
Served asset /jquery_ujs.js - 304 Not Modified (0ms)


Started GET "/assets/pages.js?body=1" for 127.0.0.1 at Mon Dec 19 21:10:27 -0800 2011
Served asset /pages.js - 304 Not Modified (0ms)


Started GET "/assets/application.js?body=1" for 127.0.0.1 at Mon Dec 19 21:10:27 -0800 2011
Served asset /application.js - 304 Not Modified (0ms)


Started GET "/assets/home.js?body=1" for 127.0.0.1 at Mon Dec 19 21:10:27 -0800 2011
Served asset /home.js - 304 Not Modified (0ms)


Started GET "/Create%20a%20new%20page" for 127.0.0.1 at Mon Dec 19 21:10:30 -0800 2011

ActionController::RoutingError (No route matches [GET] "/Create%20a%20new%20page"):
  

Rendered /Library/Ruby/Gems/1.8/gems/actionpack-3.1.3/lib/action_dispatch/middleware/templates/rescues/routing_error.erb within rescues/layout (0.7ms)


Started GET "/Create%20a%20new%20page" for 127.0.0.1 at Mon Dec 19 21:11:16 -0800 2011

ActionController::RoutingError (No route matches [GET] "/Create%20a%20new%20page"):
  

Rendered /Library/Ruby/Gems/1.8/gems/actionpack-3.1.3/lib/action_dispatch/middleware/templates/rescues/routing_error.erb within rescues/layout (0.7ms)


Started GET "/Create%20a%20new%20page" for 127.0.0.1 at Mon Dec 19 21:17:19 -0800 2011

ActionController::RoutingError (No route matches [GET] "/Create%20a%20new%20page"):
  

Rendered /Library/Ruby/Gems/1.8/gems/actionpack-3.1.3/lib/action_dispatch/middleware/templates/rescues/routing_error.erb within rescues/layout (1.1ms)


Started GET "/Create%20a%20new%20page" for 127.0.0.1 at Mon Dec 19 21:17:20 -0800 2011

ActionController::RoutingError (No route matches [GET] "/Create%20a%20new%20page"):
  

Rendered /Library/Ruby/Gems/1.8/gems/actionpack-3.1.3/lib/action_dispatch/middleware/templates/rescues/routing_error.erb within rescues/layout (0.8ms)


Started GET "/Create%20a%20new%20page" for 127.0.0.1 at Mon Dec 19 21:17:37 -0800 2011

ActionController::RoutingError (No route matches [GET] "/Create%20a%20new%20page"):
  

Rendered /Library/Ruby/Gems/1.8/gems/actionpack-3.1.3/lib/action_dispatch/middleware/templates/rescues/routing_error.erb within rescues/layout (0.7ms)


Started GET "/Create%20a%20new%20page" for 127.0.0.1 at Mon Dec 19 21:17:39 -0800 2011

ActionController::RoutingError (No route matches [GET] "/Create%20a%20new%20page"):
  

Rendered /Library/Ruby/Gems/1.8/gems/actionpack-3.1.3/lib/action_dispatch/middleware/templates/rescues/routing_error.erb within rescues/layout (0.8ms)


Started GET "/Create%20a%20new%20page" for 127.0.0.1 at Mon Dec 19 21:17:39 -0800 2011

ActionController::RoutingError (No route matches [GET] "/Create%20a%20new%20page"):
  

Rendered /Library/Ruby/Gems/1.8/gems/actionpack-3.1.3/lib/action_dispatch/middleware/templates/rescues/routing_error.erb within rescues/layout (0.7ms)


Started GET "/" for 127.0.0.1 at Mon Dec 19 21:18:08 -0800 2011
  Processing by HomeController#index as HTML
Rendered home/index.html.erb within layouts/application (0.5ms)
Completed 200 OK in 55ms (Views: 55.0ms | ActiveRecord: 0.0ms)


Started GET "/assets/application.css?body=1" for 127.0.0.1 at Mon Dec 19 21:18:08 -0800 2011
Served asset /application.css - 304 Not Modified (0ms)


Started GET "/assets/home.css?body=1" for 127.0.0.1 at Mon Dec 19 21:18:08 -0800 2011
Served asset /home.css - 304 Not Modified (1ms)


Started GET "/assets/pages.css?body=1" for 127.0.0.1 at Mon Dec 19 21:18:08 -0800 2011
Served asset /pages.css - 304 Not Modified (1ms)


Started GET "/assets/scaffolds.css?body=1" for 127.0.0.1 at Mon Dec 19 21:18:08 -0800 2011
Served asset /scaffolds.css - 304 Not Modified (0ms)


Started GET "/assets/jquery.js?body=1" for 127.0.0.1 at Mon Dec 19 21:18:08 -0800 2011
Served asset /jquery.js - 304 Not Modified (0ms)


Started GET "/assets/home.js?body=1" for 127.0.0.1 at Mon Dec 19 21:18:09 -0800 2011
Served asset /home.js - 304 Not Modified (0ms)


Started GET "/assets/jquery_ujs.js?body=1" for 127.0.0.1 at Mon Dec 19 21:18:09 -0800 2011
Served asset /jquery_ujs.js - 304 Not Modified (0ms)


Started GET "/assets/application.js?body=1" for 127.0.0.1 at Mon Dec 19 21:18:09 -0800 2011
Served asset /application.js - 304 Not Modified (0ms)


Started GET "/assets/pages.js?body=1" for 127.0.0.1 at Mon Dec 19 21:18:09 -0800 2011
Served asset /pages.js - 304 Not Modified (0ms)


Started GET "/Create%20a%20new%20page" for 127.0.0.1 at Mon Dec 19 21:18:10 -0800 2011

ActionController::RoutingError (No route matches [GET] "/Create%20a%20new%20page"):
  

Rendered /Library/Ruby/Gems/1.8/gems/actionpack-3.1.3/lib/action_dispatch/middleware/templates/rescues/routing_error.erb within rescues/layout (0.7ms)


Started GET "/" for 127.0.0.1 at Mon Dec 19 21:18:28 -0800 2011
  Processing by HomeController#index as HTML
Rendered home/index.html.erb within layouts/application (20.8ms)
Completed 200 OK in 48ms (Views: 47.6ms | ActiveRecord: 0.0ms)


Started GET "/assets/scaffolds.css?body=1" for 127.0.0.1 at Mon Dec 19 21:18:28 -0800 2011
Served asset /scaffolds.css - 304 Not Modified (0ms)


Started GET "/assets/home.css?body=1" for 127.0.0.1 at Mon Dec 19 21:18:28 -0800 2011
Served asset /home.css - 304 Not Modified (0ms)


Started GET "/assets/application.css?body=1" for 127.0.0.1 at Mon Dec 19 21:18:28 -0800 2011
Served asset /application.css - 304 Not Modified (0ms)


Started GET "/assets/jquery.js?body=1" for 127.0.0.1 at Mon Dec 19 21:18:29 -0800 2011
Served asset /jquery.js - 304 Not Modified (0ms)


Started GET "/assets/pages.css?body=1" for 127.0.0.1 at Mon Dec 19 21:18:29 -0800 2011
Served asset /pages.css - 304 Not Modified (0ms)


Started GET "/assets/jquery_ujs.js?body=1" for 127.0.0.1 at Mon Dec 19 21:18:29 -0800 2011
Served asset /jquery_ujs.js - 304 Not Modified (0ms)


Started GET "/assets/home.js?body=1" for 127.0.0.1 at Mon Dec 19 21:18:29 -0800 2011
Served asset /home.js - 304 Not Modified (0ms)


Started GET "/assets/pages.js?body=1" for 127.0.0.1 at Mon Dec 19 21:18:29 -0800 2011
Served asset /pages.js - 304 Not Modified (0ms)


Started GET "/assets/application.js?body=1" for 127.0.0.1 at Mon Dec 19 21:18:29 -0800 2011
Served asset /application.js - 304 Not Modified (6ms)


Started GET "/Pages" for 127.0.0.1 at Mon Dec 19 21:18:30 -0800 2011

ActionController::RoutingError (No route matches [GET] "/Pages"):
  

Rendered /Library/Ruby/Gems/1.8/gems/actionpack-3.1.3/lib/action_dispatch/middleware/templates/rescues/routing_error.erb within rescues/layout (0.7ms)


Started GET "/pages" for 127.0.0.1 at Mon Dec 19 21:21:07 -0800 2011
  Processing by PagesController#index as HTML
  [1m[36mPage Load (0.5ms)[0m  [1mSELECT "pages".* FROM "pages" [0m
Rendered pages/index.html.erb within layouts/application (1.1ms)
Completed 200 OK in 22ms (Views: 19.3ms | ActiveRecord: 0.5ms)


Started GET "/assets/application.css?body=1" for 127.0.0.1 at Mon Dec 19 21:21:07 -0800 2011
Served asset /application.css - 304 Not Modified (1ms)


Started GET "/assets/home.css?body=1" for 127.0.0.1 at Mon Dec 19 21:21:07 -0800 2011
Served asset /home.css - 304 Not Modified (0ms)


Started GET "/assets/pages.css?body=1" for 127.0.0.1 at Mon Dec 19 21:21:08 -0800 2011
Served asset /pages.css - 304 Not Modified (0ms)


Started GET "/assets/jquery.js?body=1" for 127.0.0.1 at Mon Dec 19 21:21:08 -0800 2011
Served asset /jquery.js - 304 Not Modified (0ms)


Started GET "/assets/scaffolds.css?body=1" for 127.0.0.1 at Mon Dec 19 21:21:08 -0800 2011
Served asset /scaffolds.css - 304 Not Modified (0ms)


Started GET "/assets/home.js?body=1" for 127.0.0.1 at Mon Dec 19 21:21:08 -0800 2011
Served asset /home.js - 304 Not Modified (0ms)


Started GET "/assets/jquery_ujs.js?body=1" for 127.0.0.1 at Mon Dec 19 21:21:08 -0800 2011
Served asset /jquery_ujs.js - 304 Not Modified (0ms)


Started GET "/assets/application.js?body=1" for 127.0.0.1 at Mon Dec 19 21:21:08 -0800 2011
Served asset /application.js - 304 Not Modified (0ms)


Started GET "/assets/pages.js?body=1" for 127.0.0.1 at Mon Dec 19 21:21:08 -0800 2011
Served asset /pages.js - 304 Not Modified (0ms)


Started GET "/Pages" for 127.0.0.1 at Mon Dec 19 21:21:20 -0800 2011

ActionController::RoutingError (No route matches [GET] "/Pages"):
  

Rendered /Library/Ruby/Gems/1.8/gems/actionpack-3.1.3/lib/action_dispatch/middleware/templates/rescues/routing_error.erb within rescues/layout (0.7ms)


Started GET "/" for 127.0.0.1 at Mon Dec 19 21:21:27 -0800 2011
  Processing by HomeController#index as HTML
Rendered home/index.html.erb within layouts/application (0.4ms)
Completed 200 OK in 34ms (Views: 33.3ms | ActiveRecord: 0.0ms)


Started GET "/assets/home.css?body=1" for 127.0.0.1 at Mon Dec 19 21:21:27 -0800 2011
Served asset /home.css - 304 Not Modified (0ms)


Started GET "/assets/application.css?body=1" for 127.0.0.1 at Mon Dec 19 21:21:27 -0800 2011
Served asset /application.css - 304 Not Modified (0ms)


Started GET "/assets/scaffolds.css?body=1" for 127.0.0.1 at Mon Dec 19 21:21:27 -0800 2011
Served asset /scaffolds.css - 304 Not Modified (0ms)


Started GET "/assets/jquery.js?body=1" for 127.0.0.1 at Mon Dec 19 21:21:27 -0800 2011
Served asset /jquery.js - 304 Not Modified (0ms)


Started GET "/assets/pages.css?body=1" for 127.0.0.1 at Mon Dec 19 21:21:27 -0800 2011
Served asset /pages.css - 304 Not Modified (0ms)


Started GET "/assets/jquery_ujs.js?body=1" for 127.0.0.1 at Mon Dec 19 21:21:27 -0800 2011
Served asset /jquery_ujs.js - 304 Not Modified (0ms)


Started GET "/assets/home.js?body=1" for 127.0.0.1 at Mon Dec 19 21:21:27 -0800 2011
Served asset /home.js - 304 Not Modified (0ms)


Started GET "/assets/pages.js?body=1" for 127.0.0.1 at Mon Dec 19 21:21:27 -0800 2011
Served asset /pages.js - 304 Not Modified (0ms)


Started GET "/assets/application.js?body=1" for 127.0.0.1 at Mon Dec 19 21:21:27 -0800 2011
Served asset /application.js - 304 Not Modified (1ms)


Started GET "/pages" for 127.0.0.1 at Mon Dec 19 21:21:29 -0800 2011
  Processing by PagesController#index as HTML
  [1m[35mPage Load (0.4ms)[0m  SELECT "pages".* FROM "pages" 
Rendered pages/index.html.erb within layouts/application (0.6ms)
Completed 200 OK in 23ms (Views: 17.9ms | ActiveRecord: 0.6ms)


Started GET "/assets/application.css?body=1" for 127.0.0.1 at Mon Dec 19 21:21:29 -0800 2011
Served asset /application.css - 304 Not Modified (0ms)


Started GET "/assets/jquery.js?body=1" for 127.0.0.1 at Mon Dec 19 21:21:29 -0800 2011
Served asset /jquery.js - 304 Not Modified (0ms)


Started GET "/assets/pages.css?body=1" for 127.0.0.1 at Mon Dec 19 21:21:29 -0800 2011
Served asset /pages.css - 304 Not Modified (0ms)


Started GET "/assets/scaffolds.css?body=1" for 127.0.0.1 at Mon Dec 19 21:21:29 -0800 2011
Served asset /scaffolds.css - 304 Not Modified (0ms)


Started GET "/assets/home.css?body=1" for 127.0.0.1 at Mon Dec 19 21:21:29 -0800 2011
Served asset /home.css - 304 Not Modified (1ms)


Started GET "/assets/jquery_ujs.js?body=1" for 127.0.0.1 at Mon Dec 19 21:21:29 -0800 2011
Served asset /jquery_ujs.js - 304 Not Modified (0ms)


Started GET "/assets/home.js?body=1" for 127.0.0.1 at Mon Dec 19 21:21:29 -0800 2011
Served asset /home.js - 304 Not Modified (0ms)


Started GET "/assets/pages.js?body=1" for 127.0.0.1 at Mon Dec 19 21:21:29 -0800 2011
Served asset /pages.js - 304 Not Modified (0ms)


Started GET "/assets/application.js?body=1" for 127.0.0.1 at Mon Dec 19 21:21:29 -0800 2011
Served asset /application.js - 304 Not Modified (1ms)


Started GET "/pages/new" for 127.0.0.1 at Mon Dec 19 21:21:56 -0800 2011
  Processing by PagesController#new as HTML
Rendered pages/_form.html.erb (13.7ms)
Rendered pages/new.html.erb within layouts/application (21.7ms)
Completed 200 OK in 76ms (Views: 73.8ms | ActiveRecord: 0.3ms)


Started GET "/assets/pages.css?body=1" for 127.0.0.1 at Mon Dec 19 21:21:56 -0800 2011
Served asset /pages.css - 304 Not Modified (0ms)


Started GET "/assets/scaffolds.css?body=1" for 127.0.0.1 at Mon Dec 19 21:21:56 -0800 2011
Served asset /scaffolds.css - 304 Not Modified (0ms)


Started GET "/assets/home.css?body=1" for 127.0.0.1 at Mon Dec 19 21:21:56 -0800 2011
Served asset /home.css - 304 Not Modified (0ms)


Started GET "/assets/application.css?body=1" for 127.0.0.1 at Mon Dec 19 21:21:56 -0800 2011
Served asset /application.css - 304 Not Modified (0ms)


Started GET "/assets/jquery.js?body=1" for 127.0.0.1 at Mon Dec 19 21:21:56 -0800 2011
Served asset /jquery.js - 304 Not Modified (0ms)


Started GET "/assets/pages.js?body=1" for 127.0.0.1 at Mon Dec 19 21:21:56 -0800 2011
Served asset /pages.js - 304 Not Modified (0ms)


Started GET "/assets/jquery_ujs.js?body=1" for 127.0.0.1 at Mon Dec 19 21:21:56 -0800 2011
Served asset /jquery_ujs.js - 304 Not Modified (1ms)


Started GET "/assets/home.js?body=1" for 127.0.0.1 at Mon Dec 19 21:21:56 -0800 2011
Served asset /home.js - 304 Not Modified (0ms)


Started GET "/assets/application.js?body=1" for 127.0.0.1 at Mon Dec 19 21:21:56 -0800 2011
Served asset /application.js - 304 Not Modified (0ms)
