\BOOKMARK [1][-]{section.1}{Executive Summary}{}
\BOOKMARK [1][-]{section.2}{Background}{}
\BOOKMARK [1][-]{section.3}{Problem Definition}{}
\BOOKMARK [1][-]{section.4}{Objectives}{}
\BOOKMARK [1][-]{section.5}{Design Selection and Alternatives}{}
\BOOKMARK [2][-]{subsection.5.1}{Database}{section.5}
\BOOKMARK [3][-]{subsubsection.5.1.1}{Introduction}{subsection.5.1}
\BOOKMARK [3][-]{subsubsection.5.1.2}{Relation Databases: per-document table creations}{subsection.5.1}
\BOOKMARK [3][-]{subsubsection.5.1.3}{Relational Databases: tables for each datatype}{subsection.5.1}
\BOOKMARK [3][-]{subsubsection.5.1.4}{CouchDB}{subsection.5.1}
\BOOKMARK [3][-]{subsubsection.5.1.5}{Hatch Database}{subsection.5.1}
\BOOKMARK [2][-]{subsection.5.2}{Search}{section.5}
\BOOKMARK [3][-]{subsubsection.5.2.1}{Views}{subsection.5.2}
\BOOKMARK [2][-]{subsection.5.3}{Visualization}{section.5}
\BOOKMARK [1][-]{section.6}{Future Work}{}
\BOOKMARK [2][-]{subsection.6.1}{New visualization types}{section.6}
\BOOKMARK [2][-]{subsection.6.2}{New data manipulation methods}{section.6}
\BOOKMARK [2][-]{subsection.6.3}{Performance enhancements}{section.6}
\BOOKMARK [2][-]{subsection.6.4}{Cross-instance replication and sharing}{section.6}
\BOOKMARK [1][-]{section.7}{Conclusion}{}
